#
# There is insufficient memory for the Java Runtime Environment to continue.
# Native memory allocation (mmap) failed to map 69206016 bytes for Failed to commit area from 0x0000000099a00000 to 0x000000009dc00000 of length 69206016.
# Possible reasons:
#   The system is out of physical RAM or swap space
#   The process is running with CompressedOops enabled, and the Java Heap may be blocking the growth of the native heap
# Possible solutions:
#   Reduce memory load on the system
#   Increase physical memory or swap space
#   Check if swap backing store is full
#   Decrease Java heap size (-Xmx/-Xms)
#   Decrease number of Java threads
#   Decrease Java thread stack sizes (-Xss)
#   Set larger code cache with -XX:ReservedCodeCacheSize=
#   JVM is running with Unscaled Compressed Oops mode in which the Java heap is
#     placed in the first 4GB address space. The Java Heap base address is the
#     maximum limit for the native heap growth. Please use -XX:HeapBaseMinAddress
#     to set the Java Heap base and to place the Java Heap above 4GB virtual address.
# This output file may be truncated or incomplete.
#
#  Out of Memory Error (t:/workspace/hotspot/src/os/windows/vm/os_windows.cpp:3357), pid=8456, tid=3428
#
# JRE version: Java(TM) SE Runtime Environment (9.0+11) (build 9.0.4+11)
# Java VM: Java HotSpot(TM) 64-Bit Server VM (9.0.4+11, mixed mode, tiered, compressed oops, g1 gc, windows-amd64)
# No core dump will be written. Minidumps are not enabled by default on client versions of Windows
#

---------------  S U M M A R Y ------------

Command Line: -Dfile.encoding=MS949 proj.Appli

Host: Intel(R) Core(TM) i3-5005U CPU @ 2.00GHz, 4 cores, 7G,  Windows 10 , 64 bit Build 17134 (10.0.17134.1)
Time: Fri Jun 22 16:57:26 2018 ¢¥eCN©öI¡¾©ö C¡ÍA¨ª¨öA elapsed time: 119 seconds (0d 0h 1m 59s)

---------------  T H R E A D  ---------------

Current thread (0x00000255a0b73000):  VMThread "VM Thread" [stack: 0x000000db84400000,0x000000db84500000] [id=3428]

Stack: [0x000000db84400000,0x000000db84500000]
[error occurred during error reporting (printing stack bounds), id 0xe0000002]

Native frames: (J=compiled Java code, j=interpreted, Vv=VM code, C=native code)
V  [jvm.dll+0x587068]
V  [jvm.dll+0x69c25e]
V  [jvm.dll+0x69d17a]
V  [jvm.dll+0x69cd05]
V  [jvm.dll+0x69d71b]
V  [jvm.dll+0x5868c6]
V  [jvm.dll+0x586c98]
C  [ntdll.dll+0x9eced]
C  [ntdll.dll+0x6c86]
C  [ntdll.dll+0x9dc1e]
C  0x0000025589780e2a

VM_Operation (0x000000db85578850): G1IncCollectionPause, mode: safepoint, requested by thread 0x00000255a1839800


---------------  P R O C E S S  ---------------

Java Threads: ( => current thread )
  0x0000025580f8f000 JavaThread "DestroyJavaVM" [_thread_blocked, id=20440, stack(0x000000db83800000,0x000000db83900000)]
  0x00000255a1839800 JavaThread "AWT-EventQueue-0" [_thread_blocked, id=16320, stack(0x000000db85500000,0x000000db85600000)]
  0x00000255a110f800 JavaThread "AWT-Windows" daemon [_thread_blocked, id=20512, stack(0x000000db85300000,0x000000db85400000)]
  0x00000255a110f000 JavaThread "AWT-Shutdown" [_thread_blocked, id=20636, stack(0x000000db85200000,0x000000db85300000)]
  0x00000255a1336800 JavaThread "Java2D Disposer" daemon [_thread_blocked, id=20628, stack(0x000000db85100000,0x000000db85200000)]
  0x00000255a0e55000 JavaThread "Service Thread" daemon [_thread_blocked, id=1256, stack(0x000000db84e00000,0x000000db84f00000)]
  0x00000255a0c70800 JavaThread "Common-Cleaner" daemon [_thread_blocked, id=16808, stack(0x000000db84d00000,0x000000db84e00000)]
  0x00000255a0c55800 JavaThread "Sweeper thread" daemon [_thread_blocked, id=18492, stack(0x000000db84c00000,0x000000db84d00000)]
  0x00000255a0c48000 JavaThread "C1 CompilerThread2" daemon [_thread_blocked, id=19656, stack(0x000000db84b00000,0x000000db84c00000)]
  0x00000255a0c47000 JavaThread "C2 CompilerThread1" daemon [_thread_blocked, id=15260, stack(0x000000db84a00000,0x000000db84b00000)]
  0x00000255a0bdc800 JavaThread "C2 CompilerThread0" daemon [_thread_blocked, id=20768, stack(0x000000db84900000,0x000000db84a00000)]
  0x00000255a0bda800 JavaThread "Attach Listener" daemon [_thread_blocked, id=21280, stack(0x000000db84800000,0x000000db84900000)]
  0x00000255a0bd9800 JavaThread "Signal Dispatcher" daemon [_thread_blocked, id=9148, stack(0x000000db84700000,0x000000db84800000)]
  0x00000255a0b7d000 JavaThread "Finalizer" daemon [_thread_blocked, id=18600, stack(0x000000db84600000,0x000000db84700000)]
  0x00000255a0b4c800 JavaThread "Reference Handler" daemon [_thread_blocked, id=21260, stack(0x000000db84500000,0x000000db84600000)]

Other Threads:
=>0x00000255a0b73000 VMThread "VM Thread" [stack: 0x000000db84400000,0x000000db84500000] [id=3428]
  0x00000255a0e5a800 WatcherThread [stack: 0x000000db84f00000,0x000000db85000000] [id=20156]
  0x0000025580fa6800 GCTaskThread "GC Thread#0" [stack: 0x000000db83900000,0x000000db83a00000] [id=4272]
  0x0000025580fa8000 GCTaskThread "GC Thread#1" [stack: 0x000000db83a00000,0x000000db83b00000] [id=20448]
  0x0000025580fa9800 GCTaskThread "GC Thread#2" [stack: 0x000000db83b00000,0x000000db83c00000] [id=20108]
  0x0000025580fac000 GCTaskThread "GC Thread#3" [stack: 0x000000db83c00000,0x000000db83d00000] [id=19276]
  0x0000025581020000 ConcurrentGCThread "G1 Main Marker" [stack: 0x000000db84200000,0x000000db84300000] [id=20456]
  0x0000025581023000 ConcurrentGCThread "G1 Marker#0" [stack: 0x000000db84300000,0x000000db84400000] [id=21256]
  0x0000025580fb7000 ConcurrentGCThread "G1 Refine#0" [stack: 0x000000db84000000,0x000000db84100000] [id=20580]
  0x0000025580fb3800 ConcurrentGCThread "G1 Refine#1" [stack: 0x000000db83f00000,0x000000db84000000] [id=20292]
  0x0000025580fb1800 ConcurrentGCThread "G1 Refine#2" [stack: 0x000000db83e00000,0x000000db83f00000] [id=19808]
  0x0000025580fad000 ConcurrentGCThread "G1 Refine#3" [stack: 0x000000db83d00000,0x000000db83e00000] [id=16768]
  0x0000025580fb9000 ConcurrentGCThread "G1 Young RemSet Sampling" [stack: 0x000000db84100000,0x000000db84200000] [id=20268]

Threads with active compile tasks:

VM state:at safepoint (normal execution)

VM Mutex/Monitor currently owned by a thread:  ([mutex/lock_event])
[0x0000025580f8ed80] Threads_lock - owner thread: 0x00000255a0b73000
[0x0000025580f8d4c0] Heap_lock - owner thread: 0x00000255a1839800

OutOfMemory and StackOverflow Exception counts:
StackOverflowErrors=43

Heap address: 0x0000000081800000, size: 2024 MB, Compressed Oops mode: 32-bit
Narrow klass base: 0x0000000000000000, Narrow klass shift: 3
Compressed class space size: 1073741824 Address: 0x0000000100000000

Heap:
 garbage-first heap   total 462848K, used 187887K [0x0000000081800000, 0x0000000081900e20, 0x0000000100000000)
  region size 1024K, 13 young (13312K), 13 survivors (13312K)
 Metaspace       used 13352K, capacity 14266K, committed 14464K, reserved 1062912K
  class space    used 1476K, capacity 1661K, committed 1664K, reserved 1048576K
Heap Regions: E=young(eden), S=young(survivor), O=old, HS=humongous(starts), HC=humongous(continues), CS=collection set, F=free, A=archive, TS=gc time stamp, AC=allocation context, TAMS=top-at-mark-start (previous, next)
|   0|0x0000000081800000, 0x0000000081900000, 0x0000000081900000|100%|HS|  |TS  0|AC  0|TAMS 0x0000000081900000, 0x0000000081900000|
|   1|0x0000000081900000, 0x0000000081a00000, 0x0000000081a00000|100%|HC|  |TS  0|AC  0|TAMS 0x0000000081a00000, 0x0000000081a00000|
|   2|0x0000000081a00000, 0x0000000081b00000, 0x0000000081b00000|100%|HC|  |TS  0|AC  0|TAMS 0x0000000081b00000, 0x0000000081b00000|
|   3|0x0000000081b00000, 0x0000000081c00000, 0x0000000081c00000|100%| O|  |TS  3|AC  0|TAMS 0x0000000081b00000, 0x0000000081b00000|
|   4|0x0000000081c00000, 0x0000000081d00000, 0x0000000081d00000|100%| O|  |TS  3|AC  0|TAMS 0x0000000081c00000, 0x0000000081c00000|
|   5|0x0000000081d00000, 0x0000000081e00000, 0x0000000081e00000|100%| O|  |TS  3|AC  0|TAMS 0x0000000081d00000, 0x0000000081d00000|
|   6|0x0000000081e00000, 0x0000000081f00000, 0x0000000081f00000|100%| O|  |TS  0|AC  0|TAMS 0x0000000081f00000, 0x0000000081f00000|
|   7|0x0000000081f00000, 0x0000000082000000, 0x0000000082000000|100%|HS|  |TS  0|AC  0|TAMS 0x0000000082000000, 0x0000000082000000|
|   8|0x0000000082000000, 0x0000000082100000, 0x0000000082100000|100%|HC|  |TS  0|AC  0|TAMS 0x0000000082100000, 0x0000000082100000|
|   9|0x0000000082100000, 0x0000000082200000, 0x0000000082200000|100%|HC|  |TS  0|AC  0|TAMS 0x0000000082200000, 0x0000000082200000|
|  10|0x0000000082200000, 0x0000000082300000, 0x0000000082300000|100%|HC|  |TS  0|AC  0|TAMS 0x0000000082300000, 0x0000000082300000|
|  11|0x0000000082300000, 0x0000000082400000, 0x0000000082400000|100%|HC|  |TS  0|AC  0|TAMS 0x0000000082400000, 0x0000000082400000|
|  12|0x0000000082400000, 0x0000000082500000, 0x0000000082500000|100%|HC|  |TS  0|AC  0|TAMS 0x0000000082500000, 0x0000000082500000|
|  13|0x0000000082500000, 0x0000000082600000, 0x0000000082600000|100%|HC|  |TS  0|AC  0|TAMS 0x0000000082600000, 0x0000000082600000|
|  14|0x0000000082600000, 0x0000000082700000, 0x0000000082700000|100%|HC|  |TS  0|AC  0|TAMS 0x0000000082700000, 0x0000000082700000|
|  15|0x0000000082700000, 0x0000000082800000, 0x0000000082800000|100%| O|  |TS  0|AC  0|TAMS 0x0000000082800000, 0x0000000082800000|
|  16|0x0000000082800000, 0x0000000082900000, 0x0000000082900000|100%| O|  |TS  0|AC  0|TAMS 0x0000000082900000, 0x0000000082900000|
|  17|0x0000000082900000, 0x0000000082a00000, 0x0000000082a00000|100%|HS|  |TS  0|AC  0|TAMS 0x0000000082a00000, 0x0000000082a00000|
|  18|0x0000000082a00000, 0x0000000082b00000, 0x0000000082b00000|100%|HC|  |TS  0|AC  0|TAMS 0x0000000082b00000, 0x0000000082b00000|
|  19|0x0000000082b00000, 0x0000000082c00000, 0x0000000082c00000|100%|HC|  |TS  0|AC  0|TAMS 0x0000000082c00000, 0x0000000082c00000|
|  20|0x0000000082c00000, 0x0000000082d00000, 0x0000000082d00000|100%|HC|  |TS  0|AC  0|TAMS 0x0000000082d00000, 0x0000000082d00000|
|  21|0x0000000082d00000, 0x0000000082e00000, 0x0000000082e00000|100%| O|  |TS 11|AC  0|TAMS 0x0000000082d00000, 0x0000000082d00000|
|  22|0x0000000082e00000, 0x0000000082f00000, 0x0000000082f00000|100%| O|  |TS  0|AC  0|TAMS 0x0000000082f00000, 0x0000000082f00000|
|  23|0x0000000082f00000, 0x0000000083000000, 0x0000000083000000|100%|HS|  |TS  0|AC  0|TAMS 0x0000000083000000, 0x0000000083000000|
|  24|0x0000000083000000, 0x0000000083100000, 0x0000000083100000|100%|HC|  |TS  0|AC  0|TAMS 0x0000000083100000, 0x0000000083100000|
|  25|0x0000000083100000, 0x0000000083200000, 0x0000000083200000|100%|HS|  |TS  0|AC  0|TAMS 0x0000000083200000, 0x0000000083200000|
|  26|0x0000000083200000, 0x0000000083300000, 0x0000000083300000|100%| O|  |TS  1|AC  0|TAMS 0x0000000083200000, 0x0000000083200000|
|  27|0x0000000083300000, 0x0000000083400000, 0x0000000083400000|100%| O|  |TS  1|AC  0|TAMS 0x0000000083300000, 0x0000000083300000|
|  28|0x0000000083400000, 0x0000000083500000, 0x0000000083500000|100%| O|  |TS  3|AC  0|TAMS 0x0000000083400000, 0x0000000083400000|
|  29|0x0000000083500000, 0x0000000083600000, 0x0000000083600000|100%| O|  |TS  0|AC  0|TAMS 0x0000000083600000, 0x0000000083600000|
|  30|0x0000000083600000, 0x0000000083700000, 0x0000000083700000|100%| O|  |TS  0|AC  0|TAMS 0x0000000083700000, 0x0000000083700000|
|  31|0x0000000083700000, 0x0000000083800000, 0x0000000083800000|100%| O|  |TS  3|AC  0|TAMS 0x0000000083700000, 0x0000000083700000|
|  32|0x0000000083800000, 0x0000000083900000, 0x0000000083900000|100%| O|  |TS 11|AC  0|TAMS 0x0000000083800000, 0x0000000083800000|
|  33|0x0000000083900000, 0x0000000083a00000, 0x0000000083a00000|100%| O|  |TS 13|AC  0|TAMS 0x0000000083900000, 0x0000000083900000|
|  34|0x0000000083a00000, 0x0000000083b00000, 0x0000000083b00000|100%| O|  |TS  0|AC  0|TAMS 0x0000000083b00000, 0x0000000083b00000|
|  35|0x0000000083b00000, 0x0000000083c00000, 0x0000000083c00000|100%| O|  |TS  0|AC  0|TAMS 0x0000000083c00000, 0x0000000083c00000|
|  36|0x0000000083c00000, 0x0000000083d00000, 0x0000000083d00000|100%| O|  |TS  3|AC  0|TAMS 0x0000000083c00000, 0x0000000083c00000|
|  37|0x0000000083d00000, 0x0000000083e00000, 0x0000000083e00000|100%| O|  |TS  0|AC  0|TAMS 0x0000000083e00000, 0x0000000083e00000|
|  38|0x0000000083e00000, 0x0000000083f00000, 0x0000000083f00000|100%| O|  |TS  0|AC  0|TAMS 0x0000000083f00000, 0x0000000083f00000|
|  39|0x0000000083f00000, 0x0000000084000000, 0x0000000084000000|100%| O|  |TS  0|AC  0|TAMS 0x0000000084000000, 0x0000000084000000|
|  40|0x0000000084000000, 0x0000000084100000, 0x0000000084100000|100%| O|  |TS  0|AC  0|TAMS 0x0000000084100000, 0x0000000084100000|
|  41|0x0000000084100000, 0x0000000084200000, 0x0000000084200000|100%| O|  |TS  3|AC  0|TAMS 0x0000000084100000, 0x0000000084100000|
|  42|0x0000000084200000, 0x0000000084300000, 0x0000000084300000|100%| O|  |TS  3|AC  0|TAMS 0x0000000084200000, 0x0000000084200000|
|  43|0x0000000084300000, 0x0000000084400000, 0x0000000084400000|100%| O|  |TS  0|AC  0|TAMS 0x0000000084400000, 0x0000000084400000|
|  44|0x0000000084400000, 0x0000000084500000, 0x0000000084500000|100%| O|  |TS  0|AC  0|TAMS 0x0000000084500000, 0x0000000084500000|
|  45|0x0000000084500000, 0x0000000084600000, 0x0000000084600000|100%| O|  |TS  0|AC  0|TAMS 0x0000000084600000, 0x0000000084600000|
|  46|0x0000000084600000, 0x0000000084700000, 0x0000000084700000|100%| O|  |TS  0|AC  0|TAMS 0x0000000084700000, 0x0000000084700000|
|  47|0x0000000084700000, 0x0000000084800000, 0x0000000084800000|100%| O|  |TS  0|AC  0|TAMS 0x0000000084800000, 0x0000000084800000|
|  48|0x0000000084800000, 0x0000000084900000, 0x0000000084900000|100%| O|  |TS  0|AC  0|TAMS 0x0000000084900000, 0x0000000084900000|
|  49|0x0000000084900000, 0x0000000084a00000, 0x0000000084a00000|100%| O|  |TS 13|AC  0|TAMS 0x0000000084900000, 0x0000000084900000|
|  50|0x0000000084a00000, 0x0000000084b00000, 0x0000000084b00000|100%| O|  |TS  3|AC  0|TAMS 0x0000000084a00000, 0x0000000084a00000|
|  51|0x0000000084b00000, 0x0000000084c00000, 0x0000000084c00000|100%| O|  |TS  3|AC  0|TAMS 0x0000000084b00000, 0x0000000084b00000|
|  52|0x0000000084c00000, 0x0000000084d00000, 0x0000000084d00000|100%| O|  |TS 13|AC  0|TAMS 0x0000000084c00000, 0x0000000084c00000|
|  53|0x0000000084d00000, 0x0000000084e00000, 0x0000000084e00000|100%| O|  |TS  0|AC  0|TAMS 0x0000000084e00000, 0x0000000084e00000|
|  54|0x0000000084e00000, 0x0000000084f00000, 0x0000000084f00000|100%| O|  |TS  0|AC  0|TAMS 0x0000000084f00000, 0x0000000084f00000|
|  55|0x0000000084f00000, 0x0000000085000000, 0x0000000085000000|100%| O|  |TS 13|AC  0|TAMS 0x0000000084f00000, 0x0000000084f00000|
|  56|0x0000000085000000, 0x0000000085100000, 0x0000000085100000|100%| O|  |TS 11|AC  0|TAMS 0x0000000085000000, 0x0000000085000000|
|  57|0x0000000085100000, 0x0000000085200000, 0x0000000085200000|100%| O|  |TS 15|AC  0|TAMS 0x0000000085100000, 0x0000000085100000|
|  58|0x0000000085200000, 0x0000000085300000, 0x0000000085300000|100%| O|  |TS  0|AC  0|TAMS 0x0000000085300000, 0x0000000085300000|
|  59|0x0000000085300000, 0x0000000085400000, 0x0000000085400000|100%| O|  |TS  0|AC  0|TAMS 0x0000000085400000, 0x0000000085400000|
|  60|0x0000000085400000, 0x0000000085500000, 0x0000000085500000|100%| O|  |TS 15|AC  0|TAMS 0x0000000085400000, 0x0000000085400000|
|  61|0x0000000085500000, 0x0000000085600000, 0x0000000085600000|100%| O|  |TS 15|AC  0|TAMS 0x0000000085500000, 0x0000000085500000|
|  62|0x0000000085600000, 0x0000000085700000, 0x0000000085700000|100%| O|  |TS 17|AC  0|TAMS 0x0000000085600000, 0x0000000085600000|
|  63|0x0000000085700000, 0x0000000085800000, 0x0000000085800000|100%| O|  |TS  0|AC  0|TAMS 0x0000000085800000, 0x0000000085800000|
|  64|0x0000000085800000, 0x0000000085900000, 0x0000000085900000|100%| O|  |TS 17|AC  0|TAMS 0x0000000085800000, 0x0000000085800000|
|  65|0x0000000085900000, 0x0000000085a00000, 0x0000000085a00000|100%| O|  |TS 17|AC  0|TAMS 0x0000000085900000, 0x0000000085900000|
|  66|0x0000000085a00000, 0x0000000085b00000, 0x0000000085b00000|100%| O|  |TS 19|AC  0|TAMS 0x0000000085a00000, 0x0000000085a00000|
|  67|0x0000000085b00000, 0x0000000085c00000, 0x0000000085c00000|100%| O|  |TS  0|AC  0|TAMS 0x0000000085c00000, 0x0000000085c00000|
|  68|0x0000000085c00000, 0x0000000085d00000, 0x0000000085d00000|100%| O|  |TS 19|AC  0|TAMS 0x0000000085c00000, 0x0000000085c00000|
|  69|0x0000000085d00000, 0x0000000085e00000, 0x0000000085e00000|100%| O|  |TS 19|AC  0|TAMS 0x0000000085d00000, 0x0000000085d00000|
|  70|0x0000000085e00000, 0x0000000085f00000, 0x0000000085f00000|100%| O|  |TS 19|AC  0|TAMS 0x0000000085e00000, 0x0000000085e00000|
|  71|0x0000000085f00000, 0x0000000086000000, 0x0000000086000000|100%| O|  |TS  0|AC  0|TAMS 0x0000000086000000, 0x0000000086000000|
|  72|0x0000000086000000, 0x0000000086100000, 0x0000000086100000|100%| O|  |TS 29|AC  0|TAMS 0x0000000086000000, 0x0000000086000000|
|  73|0x0000000086100000, 0x0000000086200000, 0x0000000086200000|100%| O|  |TS 29|AC  0|TAMS 0x0000000086100000, 0x0000000086100000|
|  74|0x0000000086200000, 0x0000000086300000, 0x0000000086300000|100%| O|  |TS 29|AC  0|TAMS 0x0000000086200000, 0x0000000086200000|
|  75|0x0000000086300000, 0x0000000086400000, 0x0000000086400000|100%| O|  |TS  0|AC  0|TAMS 0x0000000086400000, 0x0000000086400000|
|  76|0x0000000086400000, 0x0000000086500000, 0x0000000086500000|100%| O|  |TS 31|AC  0|TAMS 0x0000000086400000, 0x0000000086400000|
|  77|0x0000000086500000, 0x0000000086600000, 0x0000000086600000|100%| O|  |TS 31|AC  0|TAMS 0x0000000086500000, 0x0000000086500000|
|  78|0x0000000086600000, 0x0000000086700000, 0x0000000086700000|100%| O|  |TS 31|AC  0|TAMS 0x0000000086600000, 0x0000000086600000|
|  79|0x0000000086700000, 0x0000000086800000, 0x0000000086800000|100%| O|  |TS 33|AC  0|TAMS 0x0000000086700000, 0x0000000086700000|
|  80|0x0000000086800000, 0x0000000086900000, 0x0000000086900000|100%| O|  |TS  0|AC  0|TAMS 0x0000000086900000, 0x0000000086900000|
|  81|0x0000000086900000, 0x0000000086a00000, 0x0000000086a00000|100%| O|  |TS 33|AC  0|TAMS 0x0000000086900000, 0x0000000086900000|
|  82|0x0000000086a00000, 0x0000000086b00000, 0x0000000086b00000|100%| O|  |TS 35|AC  0|TAMS 0x0000000086a00000, 0x0000000086a00000|
|  83|0x0000000086b00000, 0x0000000086c00000, 0x0000000086c00000|100%| O|  |TS  0|AC  0|TAMS 0x0000000086c00000, 0x0000000086c00000|
|  84|0x0000000086c00000, 0x0000000086d00000, 0x0000000086d00000|100%| O|  |TS 35|AC  0|TAMS 0x0000000086c00000, 0x0000000086c00000|
|  85|0x0000000086d00000, 0x0000000086e00000, 0x0000000086e00000|100%| O|  |TS 35|AC  0|TAMS 0x0000000086d00000, 0x0000000086d00000|
|  86|0x0000000086e00000, 0x0000000086f00000, 0x0000000086f00000|100%| O|  |TS 37|AC  0|TAMS 0x0000000086e00000, 0x0000000086e00000|
|  87|0x0000000086f00000, 0x0000000087000000, 0x0000000087000000|100%| O|  |TS 37|AC  0|TAMS 0x0000000086f00000, 0x0000000086f00000|
|  88|0x0000000087000000, 0x0000000087100000, 0x0000000087100000|100%| O|  |TS  0|AC  0|TAMS 0x0000000087100000, 0x0000000087100000|
|  89|0x0000000087100000, 0x0000000087200000, 0x0000000087200000|100%| O|  |TS  0|AC  0|TAMS 0x0000000087200000, 0x0000000087200000|
|  90|0x0000000087200000, 0x0000000087300000, 0x0000000087300000|100%| O|  |TS 39|AC  0|TAMS 0x0000000087200000, 0x0000000087200000|
|  91|0x0000000087300000, 0x0000000087400000, 0x0000000087400000|100%| O|  |TS 39|AC  0|TAMS 0x0000000087300000, 0x0000000087300000|
|  92|0x0000000087400000, 0x0000000087500000, 0x0000000087500000|100%| O|  |TS 39|AC  0|TAMS 0x0000000087400000, 0x0000000087400000|
|  93|0x0000000087500000, 0x0000000087600000, 0x0000000087600000|100%| O|  |TS 41|AC  0|TAMS 0x0000000087500000, 0x0000000087500000|
|  94|0x0000000087600000, 0x0000000087700000, 0x0000000087700000|100%| O|  |TS 41|AC  0|TAMS 0x0000000087600000, 0x0000000087600000|
|  95|0x0000000087700000, 0x0000000087800000, 0x0000000087800000|100%| O|  |TS  0|AC  0|TAMS 0x0000000087800000, 0x0000000087800000|
|  96|0x0000000087800000, 0x0000000087900000, 0x0000000087900000|100%| O|  |TS 45|AC  0|TAMS 0x0000000087800000, 0x0000000087800000|
|  97|0x0000000087900000, 0x0000000087a00000, 0x0000000087a00000|100%| O|  |TS 45|AC  0|TAMS 0x0000000087900000, 0x0000000087900000|
|  98|0x0000000087a00000, 0x0000000087b00000, 0x0000000087b00000|100%| O|  |TS 47|AC  0|TAMS 0x0000000087a00000, 0x0000000087a00000|
|  99|0x0000000087b00000, 0x0000000087c00000, 0x0000000087c00000|100%| O|  |TS 47|AC  0|TAMS 0x0000000087b00000, 0x0000000087b00000|
| 100|0x0000000087c00000, 0x0000000087d00000, 0x0000000087d00000|100%| O|  |TS  0|AC  0|TAMS 0x0000000087d00000, 0x0000000087d00000|
| 101|0x0000000087d00000, 0x0000000087e00000, 0x0000000087e00000|100%| O|  |TS  0|AC  0|TAMS 0x0000000087e00000, 0x0000000087e00000|
| 102|0x0000000087e00000, 0x0000000087f00000, 0x0000000087f00000|100%| O|  |TS  0|AC  0|TAMS 0x0000000087f00000, 0x0000000087f00000|
| 103|0x0000000087f00000, 0x0000000088000000, 0x0000000088000000|100%| O|  |TS  0|AC  0|TAMS 0x0000000088000000, 0x0000000088000000|
| 104|0x0000000088000000, 0x0000000088100000, 0x0000000088100000|100%| O|  |TS  0|AC  0|TAMS 0x0000000088100000, 0x0000000088100000|
| 105|0x0000000088100000, 0x0000000088200000, 0x0000000088200000|100%| O|  |TS  0|AC  0|TAMS 0x0000000088200000, 0x0000000088200000|
| 106|0x0000000088200000, 0x0000000088300000, 0x0000000088300000|100%| O|  |TS  0|AC  0|TAMS 0x0000000088300000, 0x0000000088300000|
| 107|0x0000000088300000, 0x0000000088400000, 0x0000000088400000|100%| O|  |TS  0|AC  0|TAMS 0x0000000088400000, 0x0000000088400000|
| 108|0x0000000088400000, 0x0000000088500000, 0x0000000088500000|100%| O|  |TS  0|AC  0|TAMS 0x0000000088500000, 0x0000000088500000|
| 109|0x0000000088500000, 0x0000000088600000, 0x0000000088600000|100%| O|  |TS  0|AC  0|TAMS 0x0000000088600000, 0x0000000088600000|
| 110|0x0000000088600000, 0x0000000088700000, 0x0000000088700000|100%| O|  |TS  0|AC  0|TAMS 0x0000000088700000, 0x0000000088700000|
| 111|0x0000000088700000, 0x0000000088800000, 0x0000000088800000|100%| O|  |TS  0|AC  0|TAMS 0x0000000088800000, 0x0000000088800000|
| 112|0x0000000088800000, 0x0000000088900000, 0x0000000088900000|100%| O|  |TS  0|AC  0|TAMS 0x0000000088900000, 0x0000000088900000|
| 113|0x0000000088900000, 0x0000000088a00000, 0x0000000088a00000|100%| O|  |TS  0|AC  0|TAMS 0x0000000088a00000, 0x0000000088a00000|
| 114|0x0000000088a00000, 0x0000000088b00000, 0x0000000088b00000|100%| O|  |TS  0|AC  0|TAMS 0x0000000088b00000, 0x0000000088b00000|
| 115|0x0000000088b00000, 0x0000000088c00000, 0x0000000088c00000|100%| O|  |TS  0|AC  0|TAMS 0x0000000088c00000, 0x0000000088c00000|
| 116|0x0000000088c00000, 0x0000000088d00000, 0x0000000088d00000|100%| O|  |TS  0|AC  0|TAMS 0x0000000088d00000, 0x0000000088d00000|
| 117|0x0000000088d00000, 0x0000000088e00000, 0x0000000088e00000|100%| O|  |TS  0|AC  0|TAMS 0x0000000088e00000, 0x0000000088e00000|
| 118|0x0000000088e00000, 0x0000000088f00000, 0x0000000088f00000|100%| O|  |TS  0|AC  0|TAMS 0x0000000088f00000, 0x0000000088f00000|
| 119|0x0000000088f00000, 0x0000000089000000, 0x0000000089000000|100%| O|  |TS  0|AC  0|TAMS 0x0000000089000000, 0x0000000089000000|
| 120|0x0000000089000000, 0x0000000089100000, 0x0000000089100000|100%| O|  |TS  0|AC  0|TAMS 0x0000000089100000, 0x0000000089100000|
| 121|0x0000000089100000, 0x0000000089200000, 0x0000000089200000|100%| O|  |TS  0|AC  0|TAMS 0x0000000089200000, 0x0000000089200000|
| 122|0x0000000089200000, 0x0000000089300000, 0x0000000089300000|100%| O|  |TS  0|AC  0|TAMS 0x0000000089300000, 0x0000000089300000|
| 123|0x0000000089300000, 0x0000000089400000, 0x0000000089400000|100%| O|  |TS  0|AC  0|TAMS 0x0000000089400000, 0x0000000089400000|
| 124|0x0000000089400000, 0x0000000089500000, 0x0000000089500000|100%| O|  |TS  1|AC  0|TAMS 0x00000000894e3c00, 0x00000000894e3c00|
| 125|0x0000000089500000, 0x0000000089600000, 0x0000000089600000|100%| O|  |TS 49|AC  0|TAMS 0x0000000089500000, 0x0000000089500000|
| 126|0x0000000089600000, 0x0000000089700000, 0x0000000089700000|100%| O|  |TS 49|AC  0|TAMS 0x0000000089600000, 0x0000000089600000|
| 127|0x0000000089700000, 0x0000000089800000, 0x0000000089800000|100%| O|  |TS 49|AC  0|TAMS 0x0000000089700000, 0x0000000089700000|
| 128|0x0000000089800000, 0x0000000089900000, 0x0000000089900000|100%| O|  |TS 49|AC  0|TAMS 0x0000000089800000, 0x0000000089800000|
| 129|0x0000000089900000, 0x0000000089a00000, 0x0000000089a00000|100%| O|  |TS 49|AC  0|TAMS 0x0000000089900000, 0x0000000089900000|
| 130|0x0000000089a00000, 0x0000000089b00000, 0x0000000089b00000|100%| O|  |TS 53|AC  0|TAMS 0x0000000089a00000, 0x0000000089a00000|
| 131|0x0000000089b00000, 0x0000000089c00000, 0x0000000089c00000|100%| O|  |TS 53|AC  0|TAMS 0x0000000089b00000, 0x0000000089b00000|
| 132|0x0000000089c00000, 0x0000000089d00000, 0x0000000089d00000|100%| O|  |TS 55|AC  0|TAMS 0x0000000089c00000, 0x0000000089c00000|
| 133|0x0000000089d00000, 0x0000000089e00000, 0x0000000089e00000|100%| O|  |TS 55|AC  0|TAMS 0x0000000089d00000, 0x0000000089d00000|
| 134|0x0000000089e00000, 0x0000000089f00000, 0x0000000089f00000|100%| O|  |TS 55|AC  0|TAMS 0x0000000089e00000, 0x0000000089e00000|
| 135|0x0000000089f00000, 0x000000008a000000, 0x000000008a000000|100%| O|  |TS 57|AC  0|TAMS 0x0000000089f00000, 0x0000000089f00000|
| 136|0x000000008a000000, 0x000000008a100000, 0x000000008a100000|100%| O|  |TS 57|AC  0|TAMS 0x000000008a000000, 0x000000008a000000|
| 137|0x000000008a100000, 0x000000008a200000, 0x000000008a200000|100%| O|  |TS 57|AC  0|TAMS 0x000000008a100000, 0x000000008a100000|
| 138|0x000000008a200000, 0x000000008a300000, 0x000000008a300000|100%| O|  |TS 59|AC  0|TAMS 0x000000008a200000, 0x000000008a200000|
| 139|0x000000008a300000, 0x000000008a400000, 0x000000008a400000|100%| O|  |TS 59|AC  0|TAMS 0x000000008a300000, 0x000000008a300000|
| 140|0x000000008a400000, 0x000000008a500000, 0x000000008a500000|100%| O|  |TS 59|AC  0|TAMS 0x000000008a400000, 0x000000008a400000|
| 141|0x000000008a500000, 0x000000008a600000, 0x000000008a600000|100%| O|  |TS 59|AC  0|TAMS 0x000000008a500000, 0x000000008a500000|
| 142|0x000000008a600000, 0x000000008a700000, 0x000000008a700000|100%| O|  |TS 59|AC  0|TAMS 0x000000008a600000, 0x000000008a600000|
| 143|0x000000008a700000, 0x000000008a800000, 0x000000008a800000|100%| O|  |TS 61|AC  0|TAMS 0x000000008a700000, 0x000000008a700000|
| 144|0x000000008a800000, 0x000000008a900000, 0x000000008a900000|100%| O|  |TS 61|AC  0|TAMS 0x000000008a800000, 0x000000008a800000|
| 145|0x000000008a900000, 0x000000008aa00000, 0x000000008aa00000|100%| O|  |TS 61|AC  0|TAMS 0x000000008a900000, 0x000000008a900000|
| 146|0x000000008aa00000, 0x000000008ab00000, 0x000000008ab00000|100%| O|  |TS 61|AC  0|TAMS 0x000000008aa00000, 0x000000008aa00000|
| 147|0x000000008ab00000, 0x000000008ac00000, 0x000000008ac00000|100%| O|  |TS 63|AC  0|TAMS 0x000000008ab00000, 0x000000008ab00000|
| 148|0x000000008ac00000, 0x000000008ad00000, 0x000000008ad00000|100%| O|  |TS 73|AC  0|TAMS 0x000000008ac00000, 0x000000008ac00000|
| 149|0x000000008ad00000, 0x000000008ae00000, 0x000000008ae00000|100%| O|  |TS 73|AC  0|TAMS 0x000000008ad00000, 0x000000008ad00000|
| 150|0x000000008ae00000, 0x000000008af00000, 0x000000008af00000|100%| O|  |TS 73|AC  0|TAMS 0x000000008ae00000, 0x000000008ae00000|
| 151|0x000000008af00000, 0x000000008b000000, 0x000000008b000000|100%| O|  |TS 73|AC  0|TAMS 0x000000008af00000, 0x000000008af00000|
| 152|0x000000008b000000, 0x000000008b100000, 0x000000008b100000|100%| O|  |TS 73|AC  0|TAMS 0x000000008b000000, 0x000000008b000000|
| 153|0x000000008b100000, 0x000000008b200000, 0x000000008b200000|100%| O|  |TS 77|AC  0|TAMS 0x000000008b100000, 0x000000008b100000|
| 154|0x000000008b200000, 0x000000008b300000, 0x000000008b300000|100%| O|  |TS 77|AC  0|TAMS 0x000000008b200000, 0x000000008b200000|
| 155|0x000000008b300000, 0x000000008b400000, 0x000000008b400000|100%| O|  |TS 77|AC  0|TAMS 0x000000008b300000, 0x000000008b300000|
| 156|0x000000008b400000, 0x000000008b500000, 0x000000008b500000|100%| O|  |TS 79|AC  0|TAMS 0x000000008b400000, 0x000000008b400000|
| 157|0x000000008b500000, 0x000000008b600000, 0x000000008b600000|100%| O|  |TS 79|AC  0|TAMS 0x000000008b500000, 0x000000008b500000|
| 158|0x000000008b600000, 0x000000008b700000, 0x000000008b700000|100%| O|  |TS 79|AC  0|TAMS 0x000000008b600000, 0x000000008b600000|
| 159|0x000000008b700000, 0x000000008b800000, 0x000000008b800000|100%| O|  |TS 81|AC  0|TAMS 0x000000008b700000, 0x000000008b700000|
| 160|0x000000008b800000, 0x000000008b900000, 0x000000008b900000|100%| O|  |TS 81|AC  0|TAMS 0x000000008b800000, 0x000000008b800000|
| 161|0x000000008b900000, 0x000000008ba00000, 0x000000008ba00000|100%| O|  |TS 81|AC  0|TAMS 0x000000008b900000, 0x000000008b900000|
| 162|0x000000008ba00000, 0x000000008bb00000, 0x000000008bb00000|100%| O|  |TS 83|AC  0|TAMS 0x000000008ba00000, 0x000000008ba00000|
| 163|0x000000008bb00000, 0x000000008bc00000, 0x000000008bc00000|100%| O|  |TS 83|AC  0|TAMS 0x000000008bb00000, 0x000000008bb00000|
| 164|0x000000008bc00000, 0x000000008bd00000, 0x000000008bd00000|100%| O|  |TS 83|AC  0|TAMS 0x000000008bc00000, 0x000000008bc00000|
| 165|0x000000008bd00000, 0x000000008be00000, 0x000000008be00000|100%| O|  |TS 85|AC  0|TAMS 0x000000008bd00000, 0x000000008bd00000|
| 166|0x000000008be00000, 0x000000008bf00000, 0x000000008bf00000|100%| O|  |TS 85|AC  0|TAMS 0x000000008be00000, 0x000000008be00000|
| 167|0x000000008bf00000, 0x000000008c000000, 0x000000008c000000|100%| O|  |TS 87|AC  0|TAMS 0x000000008bf00000, 0x000000008bf00000|
| 168|0x000000008c000000, 0x000000008c100000, 0x000000008c100000|100%| O|  |TS 87|AC  0|TAMS 0x000000008c000000, 0x000000008c000000|
| 169|0x000000008c100000, 0x000000008c200000, 0x000000008c200000|100%| O|  |TS 87|AC  0|TAMS 0x000000008c100000, 0x000000008c100000|
| 170|0x000000008c200000, 0x000000008c27bc00, 0x000000008c300000| 48%| O|  |TS 87|AC  0|TAMS 0x000000008c200000, 0x000000008c200000|
| 171|0x000000008c300000, 0x000000008c300000, 0x000000008c400000|  0%| F|  |TS 57|AC  0|TAMS 0x000000008c300000, 0x000000008c300000|
| 172|0x000000008c400000, 0x000000008c400000, 0x000000008c500000|  0%| F|  |TS 57|AC  0|TAMS 0x000000008c400000, 0x000000008c400000|
| 173|0x000000008c500000, 0x000000008c500000, 0x000000008c600000|  0%| F|  |TS 57|AC  0|TAMS 0x000000008c500000, 0x000000008c500000|
| 174|0x000000008c600000, 0x000000008c600000, 0x000000008c700000|  0%| F|  |TS 57|AC  0|TAMS 0x000000008c600000, 0x000000008c600000|
| 175|0x000000008c700000, 0x000000008c700000, 0x000000008c800000|  0%| F|  |TS 57|AC  0|TAMS 0x000000008c700000, 0x000000008c700000|
| 176|0x000000008c800000, 0x000000008c800000, 0x000000008c900000|  0%| F|  |TS 55|AC  0|TAMS 0x000000008c800000, 0x000000008c800000|
| 177|0x000000008c900000, 0x000000008c900000, 0x000000008ca00000|  0%| F|  |TS 55|AC  0|TAMS 0x000000008c900000, 0x000000008c900000|
| 178|0x000000008ca00000, 0x000000008ca00000, 0x000000008cb00000|  0%| F|  |TS 55|AC  0|TAMS 0x000000008ca00000, 0x000000008ca00000|
| 179|0x000000008cb00000, 0x000000008cb00000, 0x000000008cc00000|  0%| F|  |TS 61|AC  0|TAMS 0x000000008cb00000, 0x000000008cb00000|
| 180|0x000000008cc00000, 0x000000008cc00000, 0x000000008cd00000|  0%| F|  |TS 59|AC  0|TAMS 0x000000008cc00000, 0x000000008cc00000|
| 181|0x000000008cd00000, 0x000000008cd00000, 0x000000008ce00000|  0%| F|  |TS 59|AC  0|TAMS 0x000000008cd00000, 0x000000008cd00000|
| 182|0x000000008ce00000, 0x000000008ce00000, 0x000000008cf00000|  0%| F|  |TS 59|AC  0|TAMS 0x000000008ce00000, 0x000000008ce00000|
| 183|0x000000008cf00000, 0x000000008cf00000, 0x000000008d000000|  0%| F|  |TS 59|AC  0|TAMS 0x000000008cf00000, 0x000000008cf00000|
| 184|0x000000008d000000, 0x000000008d000000, 0x000000008d100000|  0%| F|  |TS 59|AC  0|TAMS 0x000000008d000000, 0x000000008d000000|
| 185|0x000000008d100000, 0x000000008d100000, 0x000000008d200000|  0%| F|  |TS 63|AC  0|TAMS 0x000000008d100000, 0x000000008d100000|
| 186|0x000000008d200000, 0x000000008d200000, 0x000000008d300000|  0%| F|  |TS 71|AC  0|TAMS 0x000000008d200000, 0x000000008d200000|
| 187|0x000000008d300000, 0x000000008d300000, 0x000000008d400000|  0%| F|  |TS 71|AC  0|TAMS 0x000000008d300000, 0x000000008d300000|
| 188|0x000000008d400000, 0x000000008d400000, 0x000000008d500000|  0%| F|  |TS 71|AC  0|TAMS 0x000000008d400000, 0x000000008d400000|
| 189|0x000000008d500000, 0x000000008d500000, 0x000000008d600000|  0%| F|  |TS 71|AC  0|TAMS 0x000000008d500000, 0x000000008d500000|
| 190|0x000000008d600000, 0x000000008d600000, 0x000000008d700000|  0%| F|  |TS 73|AC  0|TAMS 0x000000008d600000, 0x000000008d600000|
| 191|0x000000008d700000, 0x000000008d700000, 0x000000008d800000|  0%| F|  |TS 77|AC  0|TAMS 0x000000008d700000, 0x000000008d700000|
| 192|0x000000008d800000, 0x000000008d800000, 0x000000008d900000|  0%| F|  |TS 77|AC  0|TAMS 0x000000008d800000, 0x000000008d800000|
| 193|0x000000008d900000, 0x000000008d900000, 0x000000008da00000|  0%| F|  |TS 77|AC  0|TAMS 0x000000008d900000, 0x000000008d900000|
| 194|0x000000008da00000, 0x000000008da00000, 0x000000008db00000|  0%| F|  |TS 75|AC  0|TAMS 0x000000008da00000, 0x000000008da00000|
| 195|0x000000008db00000, 0x000000008db00000, 0x000000008dc00000|  0%| F|  |TS 75|AC  0|TAMS 0x000000008db00000, 0x000000008db00000|
| 196|0x000000008dc00000, 0x000000008dc00000, 0x000000008dd00000|  0%| F|  |TS 81|AC  0|TAMS 0x000000008dc00000, 0x000000008dc00000|
| 197|0x000000008dd00000, 0x000000008dd00000, 0x000000008de00000|  0%| F|  |TS 79|AC  0|TAMS 0x000000008dd00000, 0x000000008dd00000|
| 198|0x000000008de00000, 0x000000008de00000, 0x000000008df00000|  0%| F|  |TS 79|AC  0|TAMS 0x000000008de00000, 0x000000008de00000|
| 199|0x000000008df00000, 0x000000008df00000, 0x000000008e000000|  0%| F|  |TS 79|AC  0|TAMS 0x000000008df00000, 0x000000008df00000|
| 200|0x000000008e000000, 0x000000008e000000, 0x000000008e100000|  0%| F|  |TS 81|AC  0|TAMS 0x000000008e000000, 0x000000008e000000|
| 201|0x000000008e100000, 0x000000008e100000, 0x000000008e200000|  0%| F|  |TS 81|AC  0|TAMS 0x000000008e100000, 0x000000008e100000|
| 202|0x000000008e200000, 0x000000008e200000, 0x000000008e300000|  0%| F|  |TS 85|AC  0|TAMS 0x000000008e200000, 0x000000008e200000|
| 203|0x000000008e300000, 0x000000008e300000, 0x000000008e400000|  0%| F|  |TS 85|AC  0|TAMS 0x000000008e300000, 0x000000008e300000|
| 204|0x000000008e400000, 0x000000008e400000, 0x000000008e500000|  0%| F|  |TS 85|AC  0|TAMS 0x000000008e400000, 0x000000008e400000|
| 205|0x000000008e500000, 0x000000008e500000, 0x000000008e600000|  0%| F|  |TS 83|AC  0|TAMS 0x000000008e500000, 0x000000008e500000|
| 206|0x000000008e600000, 0x000000008e600000, 0x000000008e700000|  0%| F|  |TS 83|AC  0|TAMS 0x000000008e600000, 0x000000008e600000|
| 207|0x000000008e700000, 0x000000008e800000, 0x000000008e800000|100%| S|CS|TS 87|AC  0|TAMS 0x000000008e700000, 0x000000008e700000|
| 208|0x000000008e800000, 0x000000008e900000, 0x000000008e900000|100%| S|CS|TS 87|AC  0|TAMS 0x000000008e800000, 0x000000008e800000|
| 209|0x000000008e900000, 0x000000008ea00000, 0x000000008ea00000|100%| S|CS|TS 87|AC  0|TAMS 0x000000008e900000, 0x000000008e900000|
| 210|0x000000008ea00000, 0x000000008eb00000, 0x000000008eb00000|100%| S|CS|TS 87|AC  0|TAMS 0x000000008ea00000, 0x000000008ea00000|
| 211|0x000000008eb00000, 0x000000008ec00000, 0x000000008ec00000|100%| S|CS|TS 87|AC  0|TAMS 0x000000008eb00000, 0x000000008eb00000|
| 212|0x000000008ec00000, 0x000000008ed00000, 0x000000008ed00000|100%| S|CS|TS 87|AC  0|TAMS 0x000000008ec00000, 0x000000008ec00000|
| 213|0x000000008ed00000, 0x000000008ee00000, 0x000000008ee00000|100%| S|CS|TS 87|AC  0|TAMS 0x000000008ed00000, 0x000000008ed00000|
| 214|0x000000008ee00000, 0x000000008ef00000, 0x000000008ef00000|100%| S|CS|TS 87|AC  0|TAMS 0x000000008ee00000, 0x000000008ee00000|
| 215|0x000000008ef00000, 0x000000008ef00000, 0x000000008f000000|  0%| F|  |TS 87|AC  0|TAMS 0x000000008ef00000, 0x000000008ef00000|
| 216|0x000000008f000000, 0x000000008f000000, 0x000000008f100000|  0%| F|  |TS 87|AC  0|TAMS 0x000000008f000000, 0x000000008f000000|
| 217|0x000000008f100000, 0x000000008f100000, 0x000000008f200000|  0%| F|  |TS 87|AC  0|TAMS 0x000000008f100000, 0x000000008f100000|
| 218|0x000000008f200000, 0x000000008f300000, 0x000000008f300000|100%| S|CS|TS 87|AC  0|TAMS 0x000000008f200000, 0x000000008f200000|
| 219|0x000000008f300000, 0x000000008f300000, 0x000000008f400000|  0%| F|  |TS 87|AC  0|TAMS 0x000000008f300000, 0x000000008f300000|
| 220|0x000000008f400000, 0x000000008f400000, 0x000000008f500000|  0%| F|  |TS 87|AC  0|TAMS 0x000000008f400000, 0x000000008f400000|
| 221|0x000000008f500000, 0x000000008f500000, 0x000000008f600000|  0%| F|  |TS 87|AC  0|TAMS 0x000000008f500000, 0x000000008f500000|
| 222|0x000000008f600000, 0x000000008f600000, 0x000000008f700000|  0%| F|  |TS 87|AC  0|TAMS 0x000000008f600000, 0x000000008f600000|
| 223|0x000000008f700000, 0x000000008f800000, 0x000000008f800000|100%| S|CS|TS 87|AC  0|TAMS 0x000000008f700000, 0x000000008f700000|
| 224|0x000000008f800000, 0x000000008f800000, 0x000000008f900000|  0%| F|  |TS 87|AC  0|TAMS 0x000000008f800000, 0x000000008f800000|
| 225|0x000000008f900000, 0x000000008f900000, 0x000000008fa00000|  0%| F|  |TS 87|AC  0|TAMS 0x000000008f900000, 0x000000008f900000|
| 226|0x000000008fa00000, 0x000000008fa00000, 0x000000008fb00000|  0%| F|  |TS 87|AC  0|TAMS 0x000000008fa00000, 0x000000008fa00000|
| 227|0x000000008fb00000, 0x000000008fc00000, 0x000000008fc00000|100%| S|CS|TS 87|AC  0|TAMS 0x000000008fb00000, 0x000000008fb00000|
| 228|0x000000008fc00000, 0x000000008fd00000, 0x000000008fd00000|100%| S|CS|TS 87|AC  0|TAMS 0x000000008fc00000, 0x000000008fc00000|
| 229|0x000000008fd00000, 0x000000008fe00000, 0x000000008fe00000|100%| S|CS|TS 87|AC  0|TAMS 0x000000008fd00000, 0x000000008fd00000|
| 230|0x000000008fe00000, 0x000000008fe00000, 0x000000008ff00000|  0%| F|  |TS 87|AC  0|TAMS 0x000000008fe00000, 0x000000008fe00000|
| 231|0x000000008ff00000, 0x000000008ff00000, 0x0000000090000000|  0%| F|  |TS 87|AC  0|TAMS 0x000000008ff00000, 0x000000008ff00000|
| 232|0x0000000090000000, 0x0000000090000000, 0x0000000090100000|  0%| F|  |TS 87|AC  0|TAMS 0x0000000090000000, 0x0000000090000000|
| 233|0x0000000090100000, 0x0000000090100000, 0x0000000090200000|  0%| F|  |TS 87|AC  0|TAMS 0x0000000090100000, 0x0000000090100000|
| 234|0x0000000090200000, 0x0000000090200000, 0x0000000090300000|  0%| F|  |TS 87|AC  0|TAMS 0x0000000090200000, 0x0000000090200000|
| 235|0x0000000090300000, 0x0000000090300000, 0x0000000090400000|  0%| F|  |TS 87|AC  0|TAMS 0x0000000090300000, 0x0000000090300000|
| 236|0x0000000090400000, 0x0000000090400000, 0x0000000090500000|  0%| F|  |TS 87|AC  0|TAMS 0x0000000090400000, 0x0000000090400000|
| 237|0x0000000090500000, 0x0000000090500000, 0x0000000090600000|  0%| F|  |TS 87|AC  0|TAMS 0x0000000090500000, 0x0000000090500000|
| 238|0x0000000090600000, 0x0000000090600000, 0x0000000090700000|  0%| F|  |TS 87|AC  0|TAMS 0x0000000090600000, 0x0000000090600000|
| 239|0x0000000090700000, 0x0000000090700000, 0x0000000090800000|  0%| F|  |TS 87|AC  0|TAMS 0x0000000090700000, 0x0000000090700000|
| 240|0x0000000090800000, 0x0000000090800000, 0x0000000090900000|  0%| F|  |TS 87|AC  0|TAMS 0x0000000090800000, 0x0000000090800000|
| 241|0x0000000090900000, 0x0000000090900000, 0x0000000090a00000|  0%| F|  |TS 87|AC  0|TAMS 0x0000000090900000, 0x0000000090900000|
| 242|0x0000000090a00000, 0x0000000090a00000, 0x0000000090b00000|  0%| F|  |TS 87|AC  0|TAMS 0x0000000090a00000, 0x0000000090a00000|
| 243|0x0000000090b00000, 0x0000000090b00000, 0x0000000090c00000|  0%| F|  |TS 87|AC  0|TAMS 0x0000000090b00000, 0x0000000090b00000|
| 244|0x0000000090c00000, 0x0000000090c00000, 0x0000000090d00000|  0%| F|  |TS 87|AC  0|TAMS 0x0000000090c00000, 0x0000000090c00000|
| 245|0x0000000090d00000, 0x0000000090d00000, 0x0000000090e00000|  0%| F|  |TS 87|AC  0|TAMS 0x0000000090d00000, 0x0000000090d00000|
| 246|0x0000000090e00000, 0x0000000090e00000, 0x0000000090f00000|  0%| F|  |TS 87|AC  0|TAMS 0x0000000090e00000, 0x0000000090e00000|
| 247|0x0000000090f00000, 0x0000000090f00000, 0x0000000091000000|  0%| F|  |TS 87|AC  0|TAMS 0x0000000090f00000, 0x0000000090f00000|
| 248|0x0000000091000000, 0x0000000091000000, 0x0000000091100000|  0%| F|  |TS 87|AC  0|TAMS 0x0000000091000000, 0x0000000091000000|
| 249|0x0000000091100000, 0x0000000091100000, 0x0000000091200000|  0%| F|  |TS 87|AC  0|TAMS 0x0000000091100000, 0x0000000091100000|
| 250|0x0000000091200000, 0x0000000091200000, 0x0000000091300000|  0%| F|  |TS 87|AC  0|TAMS 0x0000000091200000, 0x0000000091200000|
| 251|0x0000000091300000, 0x0000000091300000, 0x0000000091400000|  0%| F|  |TS 87|AC  0|TAMS 0x0000000091300000, 0x0000000091300000|
| 252|0x0000000091400000, 0x0000000091400000, 0x0000000091500000|  0%| F|  |TS 87|AC  0|TAMS 0x0000000091400000, 0x0000000091400000|
| 253|0x0000000091500000, 0x0000000091500000, 0x0000000091600000|  0%| F|  |TS 87|AC  0|TAMS 0x0000000091500000, 0x0000000091500000|
| 254|0x0000000091600000, 0x0000000091600000, 0x0000000091700000|  0%| F|  |TS 87|AC  0|TAMS 0x0000000091600000, 0x0000000091600000|
| 255|0x0000000091700000, 0x0000000091700000, 0x0000000091800000|  0%| F|  |TS 87|AC  0|TAMS 0x0000000091700000, 0x0000000091700000|
| 256|0x0000000091800000, 0x0000000091800000, 0x0000000091900000|  0%| F|  |TS 87|AC  0|TAMS 0x0000000091800000, 0x0000000091800000|
| 257|0x0000000091900000, 0x0000000091900000, 0x0000000091a00000|  0%| F|  |TS 87|AC  0|TAMS 0x0000000091900000, 0x0000000091900000|
| 258|0x0000000091a00000, 0x0000000091a00000, 0x0000000091b00000|  0%| F|  |TS 87|AC  0|TAMS 0x0000000091a00000, 0x0000000091a00000|
| 259|0x0000000091b00000, 0x0000000091b00000, 0x0000000091c00000|  0%| F|  |TS 87|AC  0|TAMS 0x0000000091b00000, 0x0000000091b00000|
| 260|0x0000000091c00000, 0x0000000091c00000, 0x0000000091d00000|  0%| F|  |TS 87|AC  0|TAMS 0x0000000091c00000, 0x0000000091c00000|
| 261|0x0000000091d00000, 0x0000000091d00000, 0x0000000091e00000|  0%| F|  |TS 87|AC  0|TAMS 0x0000000091d00000, 0x0000000091d00000|
| 262|0x0000000091e00000, 0x0000000091e00000, 0x0000000091f00000|  0%| F|  |TS 87|AC  0|TAMS 0x0000000091e00000, 0x0000000091e00000|
| 263|0x0000000091f00000, 0x0000000091f00000, 0x0000000092000000|  0%| F|  |TS 87|AC  0|TAMS 0x0000000091f00000, 0x0000000091f00000|
| 264|0x0000000092000000, 0x0000000092000000, 0x0000000092100000|  0%| F|  |TS 87|AC  0|TAMS 0x0000000092000000, 0x0000000092000000|
| 265|0x0000000092100000, 0x0000000092100000, 0x0000000092200000|  0%| F|  |TS 87|AC  0|TAMS 0x0000000092100000, 0x0000000092100000|
| 266|0x0000000092200000, 0x0000000092200000, 0x0000000092300000|  0%| F|  |TS 87|AC  0|TAMS 0x0000000092200000, 0x0000000092200000|
| 267|0x0000000092300000, 0x0000000092300000, 0x0000000092400000|  0%| F|  |TS 87|AC  0|TAMS 0x0000000092300000, 0x0000000092300000|
| 268|0x0000000092400000, 0x0000000092400000, 0x0000000092500000|  0%| F|  |TS 87|AC  0|TAMS 0x0000000092400000, 0x0000000092400000|
| 269|0x0000000092500000, 0x0000000092500000, 0x0000000092600000|  0%| F|  |TS 87|AC  0|TAMS 0x0000000092500000, 0x0000000092500000|
| 270|0x0000000092600000, 0x0000000092600000, 0x0000000092700000|  0%| F|  |TS 87|AC  0|TAMS 0x0000000092600000, 0x0000000092600000|
| 271|0x0000000092700000, 0x0000000092700000, 0x0000000092800000|  0%| F|  |TS 87|AC  0|TAMS 0x0000000092700000, 0x0000000092700000|
| 272|0x0000000092800000, 0x0000000092800000, 0x0000000092900000|  0%| F|  |TS 87|AC  0|TAMS 0x0000000092800000, 0x0000000092800000|
| 273|0x0000000092900000, 0x0000000092900000, 0x0000000092a00000|  0%| F|  |TS 87|AC  0|TAMS 0x0000000092900000, 0x0000000092900000|
| 274|0x0000000092a00000, 0x0000000092a00000, 0x0000000092b00000|  0%| F|  |TS 87|AC  0|TAMS 0x0000000092a00000, 0x0000000092a00000|
| 275|0x0000000092b00000, 0x0000000092b00000, 0x0000000092c00000|  0%| F|  |TS 87|AC  0|TAMS 0x0000000092b00000, 0x0000000092b00000|
| 276|0x0000000092c00000, 0x0000000092c00000, 0x0000000092d00000|  0%| F|  |TS 87|AC  0|TAMS 0x0000000092c00000, 0x0000000092c00000|
| 277|0x0000000092d00000, 0x0000000092d00000, 0x0000000092e00000|  0%| F|  |TS 87|AC  0|TAMS 0x0000000092d00000, 0x0000000092d00000|
| 278|0x0000000092e00000, 0x0000000092e00000, 0x0000000092f00000|  0%| F|  |TS 87|AC  0|TAMS 0x0000000092e00000, 0x0000000092e00000|
| 279|0x0000000092f00000, 0x0000000092f00000, 0x0000000093000000|  0%| F|  |TS 87|AC  0|TAMS 0x0000000092f00000, 0x0000000092f00000|
| 280|0x0000000093000000, 0x0000000093000000, 0x0000000093100000|  0%| F|  |TS 87|AC  0|TAMS 0x0000000093000000, 0x0000000093000000|
| 281|0x0000000093100000, 0x0000000093100000, 0x0000000093200000|  0%| F|  |TS 87|AC  0|TAMS 0x0000000093100000, 0x0000000093100000|
| 282|0x0000000093200000, 0x0000000093200000, 0x0000000093300000|  0%| F|  |TS 87|AC  0|TAMS 0x0000000093200000, 0x0000000093200000|
| 283|0x0000000093300000, 0x0000000093300000, 0x0000000093400000|  0%| F|  |TS 87|AC  0|TAMS 0x0000000093300000, 0x0000000093300000|
| 284|0x0000000093400000, 0x0000000093400000, 0x0000000093500000|  0%| F|  |TS 87|AC  0|TAMS 0x0000000093400000, 0x0000000093400000|
| 285|0x0000000093500000, 0x0000000093500000, 0x0000000093600000|  0%| F|  |TS 87|AC  0|TAMS 0x0000000093500000, 0x0000000093500000|
| 286|0x0000000093600000, 0x0000000093600000, 0x0000000093700000|  0%| F|  |TS 87|AC  0|TAMS 0x0000000093600000, 0x0000000093600000|
| 287|0x0000000093700000, 0x0000000093700000, 0x0000000093800000|  0%| F|  |TS 87|AC  0|TAMS 0x0000000093700000, 0x0000000093700000|
| 288|0x0000000093800000, 0x0000000093800000, 0x0000000093900000|  0%| F|  |TS 87|AC  0|TAMS 0x0000000093800000, 0x0000000093800000|
| 289|0x0000000093900000, 0x0000000093900000, 0x0000000093a00000|  0%| F|  |TS 87|AC  0|TAMS 0x0000000093900000, 0x0000000093900000|
| 290|0x0000000093a00000, 0x0000000093a00000, 0x0000000093b00000|  0%| F|  |TS 87|AC  0|TAMS 0x0000000093a00000, 0x0000000093a00000|
| 291|0x0000000093b00000, 0x0000000093b00000, 0x0000000093c00000|  0%| F|  |TS 87|AC  0|TAMS 0x0000000093b00000, 0x0000000093b00000|
| 292|0x0000000093c00000, 0x0000000093c00000, 0x0000000093d00000|  0%| F|  |TS 87|AC  0|TAMS 0x0000000093c00000, 0x0000000093c00000|
| 293|0x0000000093d00000, 0x0000000093d00000, 0x0000000093e00000|  0%| F|  |TS 87|AC  0|TAMS 0x0000000093d00000, 0x0000000093d00000|
| 294|0x0000000093e00000, 0x0000000093e00000, 0x0000000093f00000|  0%| F|  |TS 87|AC  0|TAMS 0x0000000093e00000, 0x0000000093e00000|
| 295|0x0000000093f00000, 0x0000000093f00000, 0x0000000094000000|  0%| F|  |TS 87|AC  0|TAMS 0x0000000093f00000, 0x0000000093f00000|
| 296|0x0000000094000000, 0x0000000094000000, 0x0000000094100000|  0%| F|  |TS 87|AC  0|TAMS 0x0000000094000000, 0x0000000094000000|
| 297|0x0000000094100000, 0x0000000094100000, 0x0000000094200000|  0%| F|  |TS 87|AC  0|TAMS 0x0000000094100000, 0x0000000094100000|
| 298|0x0000000094200000, 0x0000000094200000, 0x0000000094300000|  0%| F|  |TS 87|AC  0|TAMS 0x0000000094200000, 0x0000000094200000|
| 299|0x0000000094300000, 0x0000000094300000, 0x0000000094400000|  0%| F|  |TS 87|AC  0|TAMS 0x0000000094300000, 0x0000000094300000|
| 300|0x0000000094400000, 0x0000000094400000, 0x0000000094500000|  0%| F|  |TS 87|AC  0|TAMS 0x0000000094400000, 0x0000000094400000|
| 301|0x0000000094500000, 0x0000000094500000, 0x0000000094600000|  0%| F|  |TS 87|AC  0|TAMS 0x0000000094500000, 0x0000000094500000|
| 302|0x0000000094600000, 0x0000000094600000, 0x0000000094700000|  0%| F|  |TS 87|AC  0|TAMS 0x0000000094600000, 0x0000000094600000|
| 303|0x0000000094700000, 0x0000000094700000, 0x0000000094800000|  0%| F|  |TS 87|AC  0|TAMS 0x0000000094700000, 0x0000000094700000|
| 304|0x0000000094800000, 0x0000000094800000, 0x0000000094900000|  0%| F|  |TS 87|AC  0|TAMS 0x0000000094800000, 0x0000000094800000|
| 305|0x0000000094900000, 0x0000000094900000, 0x0000000094a00000|  0%| F|  |TS 87|AC  0|TAMS 0x0000000094900000, 0x0000000094900000|
| 306|0x0000000094a00000, 0x0000000094a00000, 0x0000000094b00000|  0%| F|  |TS 87|AC  0|TAMS 0x0000000094a00000, 0x0000000094a00000|
| 307|0x0000000094b00000, 0x0000000094b00000, 0x0000000094c00000|  0%| F|  |TS 87|AC  0|TAMS 0x0000000094b00000, 0x0000000094b00000|
| 308|0x0000000094c00000, 0x0000000094c00000, 0x0000000094d00000|  0%| F|  |TS 87|AC  0|TAMS 0x0000000094c00000, 0x0000000094c00000|
| 309|0x0000000094d00000, 0x0000000094d00000, 0x0000000094e00000|  0%| F|  |TS 87|AC  0|TAMS 0x0000000094d00000, 0x0000000094d00000|
| 310|0x0000000094e00000, 0x0000000094e00000, 0x0000000094f00000|  0%| F|  |TS 87|AC  0|TAMS 0x0000000094e00000, 0x0000000094e00000|
| 311|0x0000000094f00000, 0x0000000094f00000, 0x0000000095000000|  0%| F|  |TS 87|AC  0|TAMS 0x0000000094f00000, 0x0000000094f00000|
| 312|0x0000000095000000, 0x0000000095000000, 0x0000000095100000|  0%| F|  |TS 87|AC  0|TAMS 0x0000000095000000, 0x0000000095000000|
| 313|0x0000000095100000, 0x0000000095100000, 0x0000000095200000|  0%| F|  |TS 87|AC  0|TAMS 0x0000000095100000, 0x0000000095100000|
| 314|0x0000000095200000, 0x0000000095200000, 0x0000000095300000|  0%| F|  |TS 87|AC  0|TAMS 0x0000000095200000, 0x0000000095200000|
| 315|0x0000000095300000, 0x0000000095300000, 0x0000000095400000|  0%| F|  |TS 87|AC  0|TAMS 0x0000000095300000, 0x0000000095300000|
| 316|0x0000000095400000, 0x0000000095400000, 0x0000000095500000|  0%| F|  |TS 87|AC  0|TAMS 0x0000000095400000, 0x0000000095400000|
| 317|0x0000000095500000, 0x0000000095500000, 0x0000000095600000|  0%| F|  |TS 87|AC  0|TAMS 0x0000000095500000, 0x0000000095500000|
| 318|0x0000000095600000, 0x0000000095600000, 0x0000000095700000|  0%| F|  |TS 87|AC  0|TAMS 0x0000000095600000, 0x0000000095600000|
| 319|0x0000000095700000, 0x0000000095700000, 0x0000000095800000|  0%| F|  |TS 87|AC  0|TAMS 0x0000000095700000, 0x0000000095700000|
| 320|0x0000000095800000, 0x0000000095800000, 0x0000000095900000|  0%| F|  |TS 87|AC  0|TAMS 0x0000000095800000, 0x0000000095800000|
| 321|0x0000000095900000, 0x0000000095900000, 0x0000000095a00000|  0%| F|  |TS 87|AC  0|TAMS 0x0000000095900000, 0x0000000095900000|
| 322|0x0000000095a00000, 0x0000000095a00000, 0x0000000095b00000|  0%| F|  |TS 87|AC  0|TAMS 0x0000000095a00000, 0x0000000095a00000|
| 323|0x0000000095b00000, 0x0000000095b00000, 0x0000000095c00000|  0%| F|  |TS 87|AC  0|TAMS 0x0000000095b00000, 0x0000000095b00000|
| 324|0x0000000095c00000, 0x0000000095c00000, 0x0000000095d00000|  0%| F|  |TS 87|AC  0|TAMS 0x0000000095c00000, 0x0000000095c00000|
| 325|0x0000000095d00000, 0x0000000095d00000, 0x0000000095e00000|  0%| F|  |TS 87|AC  0|TAMS 0x0000000095d00000, 0x0000000095d00000|
| 326|0x0000000095e00000, 0x0000000095e00000, 0x0000000095f00000|  0%| F|  |TS 87|AC  0|TAMS 0x0000000095e00000, 0x0000000095e00000|
| 327|0x0000000095f00000, 0x0000000095f00000, 0x0000000096000000|  0%| F|  |TS 87|AC  0|TAMS 0x0000000095f00000, 0x0000000095f00000|
| 328|0x0000000096000000, 0x0000000096000000, 0x0000000096100000|  0%| F|  |TS 87|AC  0|TAMS 0x0000000096000000, 0x0000000096000000|
| 329|0x0000000096100000, 0x0000000096100000, 0x0000000096200000|  0%| F|  |TS 87|AC  0|TAMS 0x0000000096100000, 0x0000000096100000|
| 330|0x0000000096200000, 0x0000000096200000, 0x0000000096300000|  0%| F|  |TS 87|AC  0|TAMS 0x0000000096200000, 0x0000000096200000|
| 331|0x0000000096300000, 0x0000000096300000, 0x0000000096400000|  0%| F|  |TS 87|AC  0|TAMS 0x0000000096300000, 0x0000000096300000|
| 332|0x0000000096400000, 0x0000000096400000, 0x0000000096500000|  0%| F|  |TS 87|AC  0|TAMS 0x0000000096400000, 0x0000000096400000|
| 333|0x0000000096500000, 0x0000000096500000, 0x0000000096600000|  0%| F|  |TS 87|AC  0|TAMS 0x0000000096500000, 0x0000000096500000|
| 334|0x0000000096600000, 0x0000000096600000, 0x0000000096700000|  0%| F|  |TS 87|AC  0|TAMS 0x0000000096600000, 0x0000000096600000|
| 335|0x0000000096700000, 0x0000000096700000, 0x0000000096800000|  0%| F|  |TS 87|AC  0|TAMS 0x0000000096700000, 0x0000000096700000|
| 336|0x0000000096800000, 0x0000000096800000, 0x0000000096900000|  0%| F|  |TS 87|AC  0|TAMS 0x0000000096800000, 0x0000000096800000|
| 337|0x0000000096900000, 0x0000000096900000, 0x0000000096a00000|  0%| F|  |TS 87|AC  0|TAMS 0x0000000096900000, 0x0000000096900000|
| 338|0x0000000096a00000, 0x0000000096a00000, 0x0000000096b00000|  0%| F|  |TS 87|AC  0|TAMS 0x0000000096a00000, 0x0000000096a00000|
| 339|0x0000000096b00000, 0x0000000096b00000, 0x0000000096c00000|  0%| F|  |TS 87|AC  0|TAMS 0x0000000096b00000, 0x0000000096b00000|
| 340|0x0000000096c00000, 0x0000000096c00000, 0x0000000096d00000|  0%| F|  |TS 87|AC  0|TAMS 0x0000000096c00000, 0x0000000096c00000|
| 341|0x0000000096d00000, 0x0000000096d00000, 0x0000000096e00000|  0%| F|  |TS 87|AC  0|TAMS 0x0000000096d00000, 0x0000000096d00000|
| 342|0x0000000096e00000, 0x0000000096e00000, 0x0000000096f00000|  0%| F|  |TS 87|AC  0|TAMS 0x0000000096e00000, 0x0000000096e00000|
| 343|0x0000000096f00000, 0x0000000096f00000, 0x0000000097000000|  0%| F|  |TS 87|AC  0|TAMS 0x0000000096f00000, 0x0000000096f00000|
| 344|0x0000000097000000, 0x0000000097000000, 0x0000000097100000|  0%| F|  |TS 87|AC  0|TAMS 0x0000000097000000, 0x0000000097000000|
| 345|0x0000000097100000, 0x0000000097100000, 0x0000000097200000|  0%| F|  |TS 87|AC  0|TAMS 0x0000000097100000, 0x0000000097100000|
| 346|0x0000000097200000, 0x0000000097200000, 0x0000000097300000|  0%| F|  |TS 87|AC  0|TAMS 0x0000000097200000, 0x0000000097200000|
| 347|0x0000000097300000, 0x0000000097300000, 0x0000000097400000|  0%| F|  |TS 87|AC  0|TAMS 0x0000000097300000, 0x0000000097300000|
| 348|0x0000000097400000, 0x0000000097400000, 0x0000000097500000|  0%| F|  |TS 87|AC  0|TAMS 0x0000000097400000, 0x0000000097400000|
| 349|0x0000000097500000, 0x0000000097500000, 0x0000000097600000|  0%| F|  |TS 87|AC  0|TAMS 0x0000000097500000, 0x0000000097500000|
| 350|0x0000000097600000, 0x0000000097600000, 0x0000000097700000|  0%| F|  |TS 87|AC  0|TAMS 0x0000000097600000, 0x0000000097600000|
| 351|0x0000000097700000, 0x0000000097700000, 0x0000000097800000|  0%| F|  |TS 87|AC  0|TAMS 0x0000000097700000, 0x0000000097700000|
| 352|0x0000000097800000, 0x0000000097800000, 0x0000000097900000|  0%| F|  |TS 87|AC  0|TAMS 0x0000000097800000, 0x0000000097800000|
| 353|0x0000000097900000, 0x0000000097900000, 0x0000000097a00000|  0%| F|  |TS 87|AC  0|TAMS 0x0000000097900000, 0x0000000097900000|
| 354|0x0000000097a00000, 0x0000000097a00000, 0x0000000097b00000|  0%| F|  |TS 87|AC  0|TAMS 0x0000000097a00000, 0x0000000097a00000|
| 355|0x0000000097b00000, 0x0000000097b00000, 0x0000000097c00000|  0%| F|  |TS 87|AC  0|TAMS 0x0000000097b00000, 0x0000000097b00000|
| 356|0x0000000097c00000, 0x0000000097c00000, 0x0000000097d00000|  0%| F|  |TS 87|AC  0|TAMS 0x0000000097c00000, 0x0000000097c00000|
| 357|0x0000000097d00000, 0x0000000097d00000, 0x0000000097e00000|  0%| F|  |TS 87|AC  0|TAMS 0x0000000097d00000, 0x0000000097d00000|
| 358|0x0000000097e00000, 0x0000000097e00000, 0x0000000097f00000|  0%| F|  |TS 87|AC  0|TAMS 0x0000000097e00000, 0x0000000097e00000|
| 359|0x0000000097f00000, 0x0000000097f00000, 0x0000000098000000|  0%| F|  |TS 87|AC  0|TAMS 0x0000000097f00000, 0x0000000097f00000|
| 360|0x0000000098000000, 0x0000000098000000, 0x0000000098100000|  0%| F|  |TS 87|AC  0|TAMS 0x0000000098000000, 0x0000000098000000|
| 361|0x0000000098100000, 0x0000000098100000, 0x0000000098200000|  0%| F|  |TS 87|AC  0|TAMS 0x0000000098100000, 0x0000000098100000|
| 362|0x0000000098200000, 0x0000000098200000, 0x0000000098300000|  0%| F|  |TS 87|AC  0|TAMS 0x0000000098200000, 0x0000000098200000|
| 363|0x0000000098300000, 0x0000000098300000, 0x0000000098400000|  0%| F|  |TS 87|AC  0|TAMS 0x0000000098300000, 0x0000000098300000|
| 364|0x0000000098400000, 0x0000000098400000, 0x0000000098500000|  0%| F|  |TS 87|AC  0|TAMS 0x0000000098400000, 0x0000000098400000|
| 365|0x0000000098500000, 0x0000000098500000, 0x0000000098600000|  0%| F|  |TS 87|AC  0|TAMS 0x0000000098500000, 0x0000000098500000|
| 366|0x0000000098600000, 0x0000000098600000, 0x0000000098700000|  0%| F|  |TS 87|AC  0|TAMS 0x0000000098600000, 0x0000000098600000|
| 367|0x0000000098700000, 0x0000000098700000, 0x0000000098800000|  0%| F|  |TS 87|AC  0|TAMS 0x0000000098700000, 0x0000000098700000|
| 368|0x0000000098800000, 0x0000000098800000, 0x0000000098900000|  0%| F|  |TS 87|AC  0|TAMS 0x0000000098800000, 0x0000000098800000|
| 369|0x0000000098900000, 0x0000000098900000, 0x0000000098a00000|  0%| F|  |TS 87|AC  0|TAMS 0x0000000098900000, 0x0000000098900000|
| 370|0x0000000098a00000, 0x0000000098a00000, 0x0000000098b00000|  0%| F|  |TS 87|AC  0|TAMS 0x0000000098a00000, 0x0000000098a00000|
| 371|0x0000000098b00000, 0x0000000098b00000, 0x0000000098c00000|  0%| F|  |TS 87|AC  0|TAMS 0x0000000098b00000, 0x0000000098b00000|
| 372|0x0000000098c00000, 0x0000000098c00000, 0x0000000098d00000|  0%| F|  |TS 87|AC  0|TAMS 0x0000000098c00000, 0x0000000098c00000|
| 373|0x0000000098d00000, 0x0000000098d00000, 0x0000000098e00000|  0%| F|  |TS 87|AC  0|TAMS 0x0000000098d00000, 0x0000000098d00000|
| 374|0x0000000098e00000, 0x0000000098e00000, 0x0000000098f00000|  0%| F|  |TS 87|AC  0|TAMS 0x0000000098e00000, 0x0000000098e00000|
| 375|0x0000000098f00000, 0x0000000098f00000, 0x0000000099000000|  0%| F|  |TS 87|AC  0|TAMS 0x0000000098f00000, 0x0000000098f00000|
| 376|0x0000000099000000, 0x0000000099000000, 0x0000000099100000|  0%| F|  |TS 87|AC  0|TAMS 0x0000000099000000, 0x0000000099000000|
| 377|0x0000000099100000, 0x0000000099100000, 0x0000000099200000|  0%| F|  |TS 87|AC  0|TAMS 0x0000000099100000, 0x0000000099100000|
| 378|0x0000000099200000, 0x0000000099200000, 0x0000000099300000|  0%| F|  |TS 87|AC  0|TAMS 0x0000000099200000, 0x0000000099200000|
| 379|0x0000000099300000, 0x0000000099300000, 0x0000000099400000|  0%| F|  |TS 87|AC  0|TAMS 0x0000000099300000, 0x0000000099300000|
| 380|0x0000000099400000, 0x0000000099400000, 0x0000000099500000|  0%| F|  |TS 87|AC  0|TAMS 0x0000000099400000, 0x0000000099400000|
| 381|0x0000000099500000, 0x0000000099500000, 0x0000000099600000|  0%| F|  |TS 87|AC  0|TAMS 0x0000000099500000, 0x0000000099500000|
| 382|0x0000000099600000, 0x0000000099600000, 0x0000000099700000|  0%| F|  |TS 87|AC  0|TAMS 0x0000000099600000, 0x0000000099600000|
| 383|0x0000000099700000, 0x0000000099700000, 0x0000000099800000|  0%| F|  |TS 87|AC  0|TAMS 0x0000000099700000, 0x0000000099700000|
| 384|0x0000000099800000, 0x0000000099800000, 0x0000000099900000|  0%| F|  |TS 87|AC  0|TAMS 0x0000000099800000, 0x0000000099800000|
| 385|0x0000000099900000, 0x0000000099900000, 0x0000000099a00000|  0%| F|  |TS 87|AC  0|TAMS 0x0000000099900000, 0x0000000099900000|

Card table byte_map: [0x00000255995a0000,0x00000255999a0000] byte_map_base: 0x0000025599194000

Marking Bits (Prev, Next): (CMBitMap*) 0x000002558101f178, (CMBitMap*) 0x000002558101f140
 Prev Bits: [0x000002559bd40000, 0x000002559dce0000)
 Next Bits: [0x0000025599da0000, 0x000002559bd40000)

Polling page: 0x0000025580f20000

CodeHeap 'non-profiled nmethods': size=120064Kb used=1667Kb max_used=1667Kb free=118396Kb
 bounds [0x0000025591240000, 0x00000255914b0000, 0x0000025598780000]
CodeHeap 'profiled nmethods': size=120000Kb used=4834Kb max_used=4834Kb free=115165Kb
 bounds [0x0000025589d10000, 0x000002558a1d0000, 0x0000025591240000]
CodeHeap 'non-nmethods': size=5696Kb used=1344Kb max_used=1401Kb free=4351Kb
 bounds [0x0000025589780000, 0x00000255899f0000, 0x0000025589d10000]
 total_blobs=3667 nmethods=2238 adapters=475
 compilation: enabled

Compilation events (10 events):
Event: 117.791 Thread 0x00000255a0c47000 2236       4       java.awt.Component::isMixingNeeded (165 bytes)
Event: 117.807 Thread 0x00000255a0c47000 nmethod 2236 0x00000255913dba90 code [0x00000255913dbcc0, 0x00000255913dc3a8]
Event: 119.253 Thread 0x00000255a0bdc800 2237       4       java.awt.Component::isShowing (38 bytes)
Event: 119.254 Thread 0x00000255a0bdc800 nmethod 2237 0x00000255913dca10 code [0x00000255913dcba0, 0x00000255913dcc58]
Event: 119.346 Thread 0x00000255a0c47000 2238   !   4       java.awt.KeyboardFocusManager::getCurrentFocusCycleRoot (42 bytes)
Event: 119.348 Thread 0x00000255a0c47000 nmethod 2238 0x00000255913dcd10 code [0x00000255913dcec0, 0x00000255913dd1b8]
Event: 119.365 Thread 0x00000255a0bdc800 2239   !   4       java.awt.Container::mixOnHiding (56 bytes)
Event: 119.382 Thread 0x00000255a0bdc800 nmethod 2239 0x00000255913dd310 code [0x00000255913dd5a0, 0x00000255913de228]
Event: 119.411 Thread 0x00000255a0c47000 2240       4       javax.swing.JComponent::setVisible (56 bytes)
Event: 119.436 Thread 0x00000255a0c47000 nmethod 2240 0x00000255913deb90 code [0x00000255913dee20, 0x00000255913e0268]

GC Heap History (10 events):
Event: 114.299 GC heap after
{Heap after GC invocations=82 (full 0):
 garbage-first heap   total 395264K, used 174602K [0x0000000081800000, 0x0000000081900c10, 0x0000000100000000)
  region size 1024K, 14 young (14336K), 14 survivors (14336K)
 Metaspace       used 13352K, capacity 14266K, committed 14464K, reserved 1062912K
  class space    used 1476K, capacity 1661K, committed 1664K, reserved 1048576K
}
Event: 115.230 GC heap before
{Heap before GC invocations=82 (full 0):
 garbage-first heap   total 395264K, used 340490K [0x0000000081800000, 0x0000000081900c10, 0x0000000100000000)
  region size 1024K, 176 young (180224K), 14 survivors (14336K)
 Metaspace       used 13352K, capacity 14266K, committed 14464K, reserved 1062912K
  class space    used 1476K, capacity 1661K, committed 1664K, reserved 1048576K
}
Event: 115.262 GC heap after
{Heap after GC invocations=83 (full 0):
 garbage-first heap   total 395264K, used 177412K [0x0000000081800000, 0x0000000081900c10, 0x0000000100000000)
  region size 1024K, 14 young (14336K), 14 survivors (14336K)
 Metaspace       used 13352K, capacity 14266K, committed 14464K, reserved 1062912K
  class space    used 1476K, capacity 1661K, committed 1664K, reserved 1048576K
}
Event: 116.250 GC heap before
{Heap before GC invocations=83 (full 0):
 garbage-first heap   total 395264K, used 340228K [0x0000000081800000, 0x0000000081900c10, 0x0000000100000000)
  region size 1024K, 173 young (177152K), 14 survivors (14336K)
 Metaspace       used 13352K, capacity 14266K, committed 14464K, reserved 1062912K
  class space    used 1476K, capacity 1661K, committed 1664K, reserved 1048576K
}
Event: 116.282 GC heap after
{Heap after GC invocations=84 (full 0):
 garbage-first heap   total 395264K, used 180663K [0x0000000081800000, 0x0000000081900c10, 0x0000000100000000)
  region size 1024K, 14 young (14336K), 14 survivors (14336K)
 Metaspace       used 13352K, capacity 14266K, committed 14464K, reserved 1062912K
  class space    used 1476K, capacity 1661K, committed 1664K, reserved 1048576K
}
Event: 117.333 GC heap before
{Heap before GC invocations=84 (full 0):
 garbage-first heap   total 395264K, used 340407K [0x0000000081800000, 0x0000000081900c10, 0x0000000100000000)
  region size 1024K, 170 young (174080K), 14 survivors (14336K)
 Metaspace       used 13352K, capacity 14266K, committed 14464K, reserved 1062912K
  class space    used 1476K, capacity 1661K, committed 1664K, reserved 1048576K
}
Event: 117.362 GC heap after
{Heap after GC invocations=85 (full 0):
 garbage-first heap   total 395264K, used 182915K [0x0000000081800000, 0x0000000081900c10, 0x0000000100000000)
  region size 1024K, 14 young (14336K), 14 survivors (14336K)
 Metaspace       used 13352K, capacity 14266K, committed 14464K, reserved 1062912K
  class space    used 1476K, capacity 1661K, committed 1664K, reserved 1048576K
}
Event: 118.473 GC heap before
{Heap before GC invocations=85 (full 0):
 garbage-first heap   total 395264K, used 339587K [0x0000000081800000, 0x0000000081900c10, 0x0000000100000000)
  region size 1024K, 167 young (171008K), 14 survivors (14336K)
 Metaspace       used 13352K, capacity 14266K, committed 14464K, reserved 1062912K
  class space    used 1476K, capacity 1661K, committed 1664K, reserved 1048576K
}
Event: 118.503 GC heap after
{Heap after GC invocations=86 (full 0):
 garbage-first heap   total 395264K, used 185194K [0x0000000081800000, 0x0000000081900c10, 0x0000000100000000)
  region size 1024K, 13 young (13312K), 13 survivors (13312K)
 Metaspace       used 13352K, capacity 14266K, committed 14464K, reserved 1062912K
  class space    used 1476K, capacity 1661K, committed 1664K, reserved 1048576K
}
Event: 119.643 GC heap before
{Heap before GC invocations=86 (full 0):
 garbage-first heap   total 395264K, used 341866K [0x0000000081800000, 0x0000000081900c10, 0x0000000100000000)
  region size 1024K, 166 young (169984K), 13 survivors (13312K)
 Metaspace       used 13352K, capacity 14266K, committed 14464K, reserved 1062912K
  class space    used 1476K, capacity 1661K, committed 1664K, reserved 1048576K
}

Deoptimization events (10 events):
Event: 51.787 Thread 0x00000255a1839800 Uncommon trap: reason=unstable_if action=reinterpret pc=0x000002559133c0c8 method=java.awt.Component.areBoundsValid()Z @ 6 c2
Event: 51.787 Thread 0x00000255a1839800 Uncommon trap: reason=class_check action=maybe_recompile pc=0x0000025591357d5c method=java.awt.Component.notifyNewBounds(ZZ)V @ 101 c2
Event: 72.136 Thread 0x00000255a110f800 Uncommon trap: reason=unstable_if action=reinterpret pc=0x0000025591386bb4 method=java.util.WeakHashMap.expungeStaleEntries()V @ 9 c2
Event: 81.537 Thread 0x00000255a1839800 Uncommon trap: reason=null_check action=maybe_recompile pc=0x00000255913b6d70 method=sun.awt.SunToolkit.getScreenSize()Ljava/awt/Dimension; @ 12 c2
Event: 110.221 Thread 0x00000255a1839800 Uncommon trap: reason=null_check action=maybe_recompile pc=0x00000255913b6d70 method=sun.awt.SunToolkit.getScreenSize()Ljava/awt/Dimension; @ 12 c2
Event: 110.235 Thread 0x00000255a1839800 Uncommon trap: reason=unstable_if action=reinterpret pc=0x0000025591387eb8 method=sun.java2d.Disposer.add(Ljava/lang/Object;Lsun/java2d/DisposerRecord;)V @ 4 c2
Event: 110.235 Thread 0x00000255a1839800 Uncommon trap: reason=unstable_if action=reinterpret pc=0x00000255913878f8 method=java.util.ArrayList.<init>(I)V @ 5 c2
Event: 110.235 Thread 0x00000255a1839800 Uncommon trap: reason=unstable_if action=reinterpret pc=0x00000255913884f8 method=java.awt.Rectangle.isEmpty()Z @ 4 c2
Event: 110.236 Thread 0x00000255a1839800 Uncommon trap: reason=unstable_if action=reinterpret pc=0x00000255912e3564 method=javax.swing.JComponent.getClientProperty(Ljava/lang/Object;)Ljava/lang/Object; @ 4 c2
Event: 110.241 Thread 0x00000255a1839800 Uncommon trap: reason=unstable_if action=reinterpret pc=0x000002559135e63c method=java.awt.KeyboardFocusManager.getFocusOwner()Ljava/awt/Component; @ 8 c2

Classes redefined (0 events):
No events

Internal exceptions (10 events):
Event: 81.538 Thread 0x00000255a1839800 Exception <a 'java/lang/StackOverflowError'{0x0000000090893390}> (0x0000000090893390) thrown at [t:/workspace/hotspot/src/share/vm/runtime/javaCalls.cpp, line 388]
Event: 81.539 Thread 0x00000255a1839800 Exception <a 'java/lang/StackOverflowError'{0x0000000090893390}> (0x0000000090893390) thrown at [t:/workspace/hotspot/src/share/vm/prims/jvm.cpp, line 1314]
Event: 81.539 Thread 0x00000255a1839800 Exception <a 'java/lang/StackOverflowError'{0x0000000090893390}> (0x0000000090893390) thrown at [t:/workspace/hotspot/src/share/vm/prims/jvm.cpp, line 1314]
Event: 110.220 Thread 0x00000255a1839800 Exception <a 'java/lang/StackOverflowError'{0x000000008f7a5440}> (0x000000008f7a5440) thrown at [t:/workspace/hotspot/src/share/vm/runtime/javaCalls.cpp, line 388]
Event: 110.220 Thread 0x00000255a1839800 Exception <a 'java/lang/StackOverflowError'{0x000000008f7a5440}> (0x000000008f7a5440) thrown at [t:/workspace/hotspot/src/share/vm/prims/jni.cpp, line 604]
Event: 110.221 Thread 0x00000255a1839800 Exception <a 'java/lang/StackOverflowError'{0x000000008f7d2698}> (0x000000008f7d2698) thrown at [t:/workspace/hotspot/src/share/vm/interpreter/interpreterRuntime.cpp, line 312]
Event: 110.221 Thread 0x00000255a1839800 Exception <a 'java/lang/StackOverflowError'{0x000000008f7d63e8}> (0x000000008f7d63e8) thrown at [t:/workspace/hotspot/src/share/vm/runtime/javaCalls.cpp, line 388]
Event: 110.223 Thread 0x00000255a1839800 Exception <a 'java/lang/StackOverflowError'{0x000000008f7d63e8}> (0x000000008f7d63e8) thrown at [t:/workspace/hotspot/src/share/vm/prims/jvm.cpp, line 1314]
Event: 110.223 Thread 0x00000255a1839800 Exception <a 'java/lang/StackOverflowError'{0x000000008f7d63e8}> (0x000000008f7d63e8) thrown at [t:/workspace/hotspot/src/share/vm/prims/jvm.cpp, line 1314]
Event: 110.241 Thread 0x00000255a1839800 Implicit null exception at 0x000002559135d5f3 to 0x000002559135e621

Events (10 events):
Event: 114.299 Executing VM operation: G1IncCollectionPause done
Event: 115.230 Executing VM operation: G1IncCollectionPause
Event: 115.262 Executing VM operation: G1IncCollectionPause done
Event: 116.250 Executing VM operation: G1IncCollectionPause
Event: 116.282 Executing VM operation: G1IncCollectionPause done
Event: 117.332 Executing VM operation: G1IncCollectionPause
Event: 117.362 Executing VM operation: G1IncCollectionPause done
Event: 118.473 Executing VM operation: G1IncCollectionPause
Event: 118.503 Executing VM operation: G1IncCollectionPause done
Event: 119.642 Executing VM operation: G1IncCollectionPause


Dynamic libraries:
0x00007ff6f41a0000 - 0x00007ff6f41de000 	C:\Program Files\Java\jre-9.0.4\bin\javaw.exe
0x00007ffe3ca20000 - 0x00007ffe3cc01000 	C:\WINDOWS\SYSTEM32\ntdll.dll
0x00007ffe3c820000 - 0x00007ffe3c8d2000 	C:\WINDOWS\System32\KERNEL32.DLL
0x00007ffe39320000 - 0x00007ffe39593000 	C:\WINDOWS\System32\KERNELBASE.dll
0x00007ffe3c770000 - 0x00007ffe3c811000 	C:\WINDOWS\System32\ADVAPI32.dll
0x00007ffe3a650000 - 0x00007ffe3a6ee000 	C:\WINDOWS\System32\msvcrt.dll
0x00007ffe3c680000 - 0x00007ffe3c6db000 	C:\WINDOWS\System32\sechost.dll
0x00007ffe3a500000 - 0x00007ffe3a624000 	C:\WINDOWS\System32\RPCRT4.dll
0x00007ffe39eb0000 - 0x00007ffe3a040000 	C:\WINDOWS\System32\USER32.dll
0x00007ffe38fe0000 - 0x00007ffe39000000 	C:\WINDOWS\System32\win32u.dll
0x00007ffe3c6e0000 - 0x00007ffe3c708000 	C:\WINDOWS\System32\GDI32.dll
0x00007ffe39000000 - 0x00007ffe39192000 	C:\WINDOWS\System32\gdi32full.dll
0x00007ffe39e10000 - 0x00007ffe39eaf000 	C:\WINDOWS\System32\msvcp_win.dll
0x00007ffe395a0000 - 0x00007ffe3969a000 	C:\WINDOWS\System32\ucrtbase.dll
0x00007ffe2a650000 - 0x00007ffe2a8b9000 	C:\WINDOWS\WinSxS\amd64_microsoft.windows.common-controls_6595b64144ccf1df_6.0.17134.112_none_fb3f961b30681c12\COMCTL32.dll
0x00007ffe3a900000 - 0x00007ffe3ac23000 	C:\WINDOWS\System32\combase.dll
0x00007ffe392a0000 - 0x00007ffe3931a000 	C:\WINDOWS\System32\bcryptPrimitives.dll
0x00007ffe2a8c0000 - 0x00007ffe2a8ca000 	C:\WINDOWS\SYSTEM32\VERSION.dll
0x00007ffe3c960000 - 0x00007ffe3c98d000 	C:\WINDOWS\System32\IMM32.DLL
0x00007ffe0bb50000 - 0x00007ffe0bc3f000 	C:\Program Files\Java\jre-9.0.4\bin\msvcr120.dll
0x00007ffe0baa0000 - 0x00007ffe0bb46000 	C:\Program Files\Java\jre-9.0.4\bin\msvcp120.dll
0x0000000074290000 - 0x0000000074cb5000 	C:\Program Files\Java\jre-9.0.4\bin\server\jvm.dll
0x00007ffe3a040000 - 0x00007ffe3a048000 	C:\WINDOWS\System32\PSAPI.DLL
0x00007ffe253a0000 - 0x00007ffe253a9000 	C:\WINDOWS\SYSTEM32\WSOCK32.dll
0x00007ffe3a890000 - 0x00007ffe3a8fc000 	C:\WINDOWS\System32\WS2_32.dll
0x00007ffe36cd0000 - 0x00007ffe36cf3000 	C:\WINDOWS\SYSTEM32\WINMM.dll
0x00007ffe36ca0000 - 0x00007ffe36cca000 	C:\WINDOWS\SYSTEM32\WINMMBASE.dll
0x00007ffe39250000 - 0x00007ffe39299000 	C:\WINDOWS\System32\cfgmgr32.dll
0x00007ffe1fd70000 - 0x00007ffe1fd7f000 	C:\Program Files\Java\jre-9.0.4\bin\verify.dll
0x00007ffe0ba70000 - 0x00007ffe0ba97000 	C:\Program Files\Java\jre-9.0.4\bin\java.dll
0x00007ffe1f580000 - 0x00007ffe1f596000 	C:\Program Files\Java\jre-9.0.4\bin\zip.dll
0x00007ffe1f680000 - 0x00007ffe1f68a000 	C:\Program Files\Java\jre-9.0.4\bin\jimage.dll
0x00007ffe3b240000 - 0x00007ffe3c680000 	C:\WINDOWS\System32\SHELL32.dll
0x00007ffe3ac30000 - 0x00007ffe3acd9000 	C:\WINDOWS\System32\shcore.dll
0x00007ffe396a0000 - 0x00007ffe39dad000 	C:\WINDOWS\System32\windows.storage.dll
0x00007ffe3c990000 - 0x00007ffe3c9e1000 	C:\WINDOWS\System32\shlwapi.dll
0x00007ffe38db0000 - 0x00007ffe38dc1000 	C:\WINDOWS\System32\kernel.appcore.dll
0x00007ffe38d90000 - 0x00007ffe38daf000 	C:\WINDOWS\System32\profapi.dll
0x00007ffe38d40000 - 0x00007ffe38d8c000 	C:\WINDOWS\System32\powrprof.dll
0x00007ffe38d30000 - 0x00007ffe38d3a000 	C:\WINDOWS\System32\FLTLIB.DLL
0x00007ffe0b870000 - 0x00007ffe0b88a000 	C:\Program Files\Java\jre-9.0.4\bin\net.dll
0x00007ffe33180000 - 0x00007ffe3325d000 	C:\WINDOWS\SYSTEM32\WINHTTP.dll
0x00007ffe38550000 - 0x00007ffe385b6000 	C:\WINDOWS\system32\mswsock.dll
0x00007ffe0b850000 - 0x00007ffe0b861000 	C:\Program Files\Java\jre-9.0.4\bin\nio.dll
0x00007ffe042e0000 - 0x00007ffe04479000 	C:\Program Files\Java\jre-9.0.4\bin\awt.dll
0x00007ffe3b010000 - 0x00007ffe3b0d2000 	C:\WINDOWS\System32\OLEAUT32.dll
0x00007ffe35e90000 - 0x00007ffe36457000 	C:\WINDOWS\SYSTEM32\d2d1.dll
0x00007ffe36dd0000 - 0x00007ffe36e5b000 	C:\WINDOWS\SYSTEM32\apphelp.dll
0x00007ffe37230000 - 0x00007ffe37259000 	C:\WINDOWS\system32\DWMAPI.DLL
0x00007ffe370f0000 - 0x00007ffe37188000 	C:\WINDOWS\system32\uxtheme.dll
0x00007ffe18220000 - 0x00007ffe18340000 	C:\WINDOWS\system32\opengl32.dll
0x00007ffe181b0000 - 0x00007ffe181dc000 	C:\WINDOWS\SYSTEM32\GLU32.dll
0x00007ffe3ace0000 - 0x00007ffe3ae55000 	C:\WINDOWS\System32\MSCTF.dll
0x00007ffe3b0e0000 - 0x00007ffe3b231000 	C:\WINDOWS\System32\ole32.dll
0x00007ffe0f7b0000 - 0x00007ffe0f84d000 	C:\Program Files\Java\jre-9.0.4\bin\fontmanager.dll
0x00007ffe2fd70000 - 0x00007ffe2fe08000 	C:\WINDOWS\System32\TextInputFramework.dll
0x00007ffe34830000 - 0x00007ffe34b4e000 	C:\WINDOWS\System32\CoreUIComponents.dll
0x00007ffe36aa0000 - 0x00007ffe36b7a000 	C:\WINDOWS\System32\CoreMessaging.dll
0x00007ffe37e20000 - 0x00007ffe37e51000 	C:\WINDOWS\SYSTEM32\ntmarta.dll
0x00007ffe34b50000 - 0x00007ffe34c9d000 	C:\WINDOWS\SYSTEM32\wintypes.dll
0x00007ffe15c40000 - 0x00007ffe15c82000 	C:\Program Files\Java\jre-9.0.4\bin\t2k.dll
0x00007ffe3af70000 - 0x00007ffe3b010000 	C:\WINDOWS\System32\clbcatq.dll
0x00007ffe2c180000 - 0x00007ffe2c251000 	C:\Windows\System32\IME\IMEKR\imkrtip.dll
0x00007ffe37820000 - 0x00007ffe379d4000 	C:\WINDOWS\SYSTEM32\PROPSYS.dll
0x00007ffe2adf0000 - 0x00007ffe2af46000 	C:\Windows\System32\IME\shared\imetip.dll
0x00007ffe30c20000 - 0x00007ffe30c8b000 	C:\WINDOWS\SYSTEM32\OLEACC.dll
0x00007ffe2ac40000 - 0x00007ffe2adeb000 	C:\WINDOWS\SYSTEM32\DUI70.dll
0x00007ffe30d10000 - 0x00007ffe30d4d000 	C:\Windows\System32\IME\IMEKR\imkrapi.dll
0x00007ffe30a40000 - 0x00007ffe30a80000 	C:\Windows\System32\IME\shared\imjkapi.dll
0x00007ffe20ce0000 - 0x00007ffe20d0b000 	C:\Program Files\Java\jre-9.0.4\bin\javajpeg.dll
0x00007ffe27dc0000 - 0x00007ffe27f89000 	C:\WINDOWS\SYSTEM32\dbghelp.dll

VM Arguments:
jvm_args: -Dfile.encoding=MS949 
java_command: proj.Appli
java_class_path (initial): C:\Users\user\eclipse-workspace\ÅÒÇÁ·ÎÁ§Æ®2\bin
Launcher Type: SUN_STANDARD

Logging:
Log output configuration:
#0: stdout all=warning uptime,level,tags
#1: stderr all=off uptime,level,tags

Environment Variables:
JAVA_HOME=C:\Program Files\Java\jdk-9.0.1
CLASSPATH=%classpath%;.;.;.
PATH=C:\Program Files (x86)\Common Files\Oracle\Java\javapath;C:\ProgramData\Oracle\Java\javapath;C:\Program Files (x86)\Intel\iCLS Client\;C:\Program Files\Intel\iCLS Client\;C:\WINDOWS\system32;C:\WINDOWS;C:\WINDOWS\System32\Wbem;C:\WINDOWS\System32\WindowsPowerShell\v1.0\;C:\Program Files\Samsung\SamsungLink\AllShare Framework DMS\bin\;C:\Program Files (x86)\Intel\Intel(R) Management Engine Components\DAL;C:\Program Files\Intel\Intel(R) Management Engine Components\DAL;C:\Program Files (x86)\Intel\Intel(R) Management Engine Components\IPT;C:\Program Files\Intel\Intel(R) Management Engine Components\IPT;C:\Program Files (x86)\IBM\Informix\Client-SDK\bin;C:\Program Files (x86)\ibm\gsk7\bin;C:\Program Files (x86)\ibm\gsk7\lib;C:\Program Files\Java\jdk-9.0.1\bin;C:\Program Files (x86)\Windows Kits\8.1\Windows Performance Toolkit\;C:\WINDOWS\System32\OpenSSH\;C:\Users\user\AppData\Local\Microsoft\WindowsApps;C:\Users\user\AppData\Local\atom\bin
USERNAME=user
OS=Windows_NT
PROCESSOR_IDENTIFIER=Intel64 Family 6 Model 61 Stepping 4, GenuineIntel



---------------  S Y S T E M  ---------------

OS: Windows 10 , 64 bit Build 17134 (10.0.17134.1)

CPU:total 4 (initial active 4) (2 cores per cpu, 2 threads per core) family 6 model 61 stepping 4, cmov, cx8, fxsr, mmx, sse, sse2, sse3, ssse3, sse4.1, sse4.2, popcnt, avx, avx2, aes, clmul, erms, 3dnowpref, lzcnt, ht, tsc, tscinvbit, bmi1, bmi2, adx, fma

Memory: 4k page, physical 8285204k(2935724k free), swap 12490572k(28464k free)

vm_info: Java HotSpot(TM) 64-Bit Server VM (9.0.4+11) for windows-amd64 JRE (9.0.4+11), built on Dec 20 2017 02:18:54 by "mach5one" with MS VC++ 12.0 (VS2013)

END.
